#
# There is insufficient memory for the Java Runtime Environment to continue.
# Native memory allocation (malloc) failed to allocate 362976 bytes for Chunk::new
# Possible reasons:
#   The system is out of physical RAM or swap space
#   In 32 bit mode, the process size limit was hit
# Possible solutions:
#   Reduce memory load on the system
#   Increase physical memory or swap space
#   Check if swap backing store is full
#   Use 64 bit Java on a 64 bit OS
#   Decrease Java heap size (-Xmx/-Xms)
#   Decrease number of Java threads
#   Decrease Java thread stack sizes (-Xss)
#   Set larger code cache with -XX:ReservedCodeCacheSize=
# This output file may be truncated or incomplete.
#
#  Out of Memory Error (allocation.cpp:390), pid=4608, tid=0x00000000000004e8
#
# JRE version: Java(TM) SE Runtime Environment (8.0_151-b12) (build 1.8.0_151-b12)
# Java VM: Java HotSpot(TM) 64-Bit Server VM (25.151-b12 mixed mode windows-amd64 compressed oops)
# Failed to write core dump. Minidumps are not enabled by default on client versions of Windows
#

---------------  T H R E A D  ---------------

Current thread (0x0000000017ba7000):  JavaThread "C2 CompilerThread1" daemon [_thread_in_native, id=1256, stack(0x0000000019300000,0x0000000019400000)]

Stack: [0x0000000019300000,0x0000000019400000]
[error occurred during error reporting (printing stack bounds), id 0xc0000005]

Native frames: (J=compiled Java code, j=interpreted, Vv=VM code, C=native code)


Current CompileTask:
C2:  29271 4686   !   4       org.apache.maven.plugin.surefire.booterclient.output.ForkClient::processLine (715 bytes)


---------------  P R O C E S S  ---------------

Java Threads: ( => current thread )
  0x000000001a0aa000 JavaThread "Thread-5" [_thread_in_native, id=17360, stack(0x00000000210f0000,0x00000000211f0000)]
  0x000000001a0a4800 JavaThread "Thread-4" [_thread_blocked, id=5056, stack(0x0000000020ff0000,0x00000000210f0000)]
  0x0000000019e97800 JavaThread "Thread-3" [_thread_blocked, id=15700, stack(0x0000000020ef0000,0x0000000020ff0000)]
  0x000000001c5bf000 JavaThread "ThreadedStreamConsumer" daemon [_thread_in_native, id=9788, stack(0x0000000020df0000,0x0000000020ef0000)]
  0x000000001d9b7800 JavaThread "ping-timer-10s" daemon [_thread_blocked, id=16764, stack(0x0000000020cf0000,0x0000000020df0000)]
  0x000000001d06a000 JavaThread "timeout-check-timer" daemon [_thread_blocked, id=10512, stack(0x0000000020bf0000,0x0000000020cf0000)]
  0x000000001ab04000 JavaThread "resolver-5" daemon [_thread_blocked, id=17212, stack(0x00000000208f0000,0x00000000209f0000)]
  0x000000001a11b800 JavaThread "resolver-4" daemon [_thread_blocked, id=14360, stack(0x00000000207f0000,0x00000000208f0000)]
  0x000000001d325800 JavaThread "resolver-3" daemon [_thread_blocked, id=2644, stack(0x00000000206f0000,0x00000000207f0000)]
  0x000000001a59a800 JavaThread "resolver-2" daemon [_thread_blocked, id=16696, stack(0x00000000205f0000,0x00000000206f0000)]
  0x000000001a720800 JavaThread "resolver-1" daemon [_thread_blocked, id=16640, stack(0x00000000201b0000,0x00000000202b0000)]
  0x0000000017bfe000 JavaThread "Service Thread" daemon [_thread_blocked, id=4412, stack(0x0000000019900000,0x0000000019a00000)]
  0x0000000017baa800 JavaThread "C1 CompilerThread2" daemon [_thread_blocked, id=12676, stack(0x0000000019400000,0x0000000019500000)]
=>0x0000000017ba7000 JavaThread "C2 CompilerThread1" daemon [_thread_in_native, id=1256, stack(0x0000000019300000,0x0000000019400000)]
  0x0000000017ba0800 JavaThread "C2 CompilerThread0" daemon [_thread_in_native, id=16808, stack(0x0000000019200000,0x0000000019300000)]
  0x0000000017b9f000 JavaThread "Attach Listener" daemon [_thread_blocked, id=15988, stack(0x0000000019100000,0x0000000019200000)]
  0x0000000017b9b000 JavaThread "Signal Dispatcher" daemon [_thread_blocked, id=16656, stack(0x0000000019000000,0x0000000019100000)]
  0x0000000002f5c800 JavaThread "Finalizer" daemon [_thread_blocked, id=2912, stack(0x0000000018e00000,0x0000000018f00000)]
  0x0000000002f50800 JavaThread "Reference Handler" daemon [_thread_blocked, id=2188, stack(0x0000000018d00000,0x0000000018e00000)]
  0x0000000002fde000 JavaThread "main" [_thread_in_native, id=3752, stack(0x0000000001560000,0x0000000001660000)]

Other Threads:
  0x0000000017b67800 VMThread [stack: 0x0000000018c00000,0x0000000018d00000] [id=16448]
  0x0000000019566000 WatcherThread [stack: 0x0000000019a00000,0x0000000019b00000] [id=5332]

VM state:not at safepoint (normal execution)

VM Mutex/Monitor currently owned by a thread: None

Heap:
 PSYoungGen      total 143872K, used 56565K [0x00000000d5d80000, 0x00000000e4100000, 0x0000000100000000)
  eden space 132608K, 34% used [0x00000000d5d80000,0x00000000d89c03e8,0x00000000ddf00000)
  from space 11264K, 99% used [0x00000000ddf00000,0x00000000de9fd3d0,0x00000000dea00000)
  to   space 17920K, 0% used [0x00000000e2f80000,0x00000000e2f80000,0x00000000e4100000)
 ParOldGen       total 70656K, used 26910K [0x0000000081800000, 0x0000000085d00000, 0x00000000d5d80000)
  object space 70656K, 38% used [0x0000000081800000,0x0000000083247b68,0x0000000085d00000)
 Metaspace       used 25659K, capacity 26232K, committed 26496K, reserved 1073152K
  class space    used 2942K, capacity 3107K, committed 3200K, reserved 1048576K

Card table byte_map: [0x0000000012410000,0x0000000012810000] byte_map_base: 0x0000000012004000

Marking Bits: (ParMarkBitMap*) 0x00000000692fd850
 Begin Bits: [0x0000000012ec0000, 0x0000000014e60000)
 End Bits:   [0x0000000014e60000, 0x0000000016e00000)

Polling page: 0x0000000001140000

CodeCache: size=245760Kb used=14866Kb max_used=14878Kb free=230893Kb
 bounds [0x0000000003050000, 0x0000000003ef0000, 0x0000000012050000]
 total_blobs=4692 nmethods=4256 adapters=348
 compilation: enabled

Compilation events (10 events):
Event: 29.040 Thread 0x0000000017ba7000 nmethod 4682 0x0000000003ed6190 code [0x0000000003ed6340, 0x0000000003ed6bc8]
Event: 29.040 Thread 0x0000000017ba7000 4683       4       sun.nio.cs.MS1252::newDecoder (12 bytes)
Event: 29.044 Thread 0x0000000017ba7000 nmethod 4683 0x000000000319d110 code [0x000000000319d280, 0x000000000319d4f8]
Event: 29.044 Thread 0x0000000017ba7000 4681   !   4       java.io.BufferedWriter::flushBuffer (53 bytes)
Event: 29.087 Thread 0x0000000017ba7000 nmethod 4681 0x0000000003ee90d0 code [0x0000000003ee9260, 0x0000000003eea438]
Event: 29.087 Thread 0x0000000017ba7000 4685       4       org.apache.maven.plugin.surefire.booterclient.output.ForkClient::consumeLine (13 bytes)
Event: 29.102 Thread 0x0000000017ba7000 nmethod 4685 0x0000000003ed5350 code [0x0000000003ed54c0, 0x0000000003ed5a68]
Event: 29.102 Thread 0x0000000017ba7000 4684       4       org.apache.maven.plugin.surefire.booterclient.output.ThreadedStreamConsumer::access$200 (6 bytes)
Event: 29.103 Thread 0x0000000017ba7000 nmethod 4684 0x000000000319ce10 code [0x000000000319cf40, 0x000000000319cfb8]
Event: 29.180 Thread 0x0000000017ba7000 4686   !   4       org.apache.maven.plugin.surefire.booterclient.output.ForkClient::processLine (715 bytes)

GC Heap History (10 events):
Event: 3.164 GC heap before
{Heap before GC invocations=4 (full 0):
 PSYoungGen      total 38400K, used 38384K [0x00000000d5d80000, 0x00000000da880000, 0x0000000100000000)
  eden space 33280K, 100% used [0x00000000d5d80000,0x00000000d7e00000,0x00000000d7e00000)
  from space 5120K, 99% used [0x00000000d7e00000,0x00000000d82fc050,0x00000000d8300000)
  to   space 5120K, 0% used [0x00000000da380000,0x00000000da380000,0x00000000da880000)
 ParOldGen       total 87552K, used 6059K [0x0000000081800000, 0x0000000086d80000, 0x00000000d5d80000)
  object space 87552K, 6% used [0x0000000081800000,0x0000000081deacf0,0x0000000086d80000)
 Metaspace       used 15449K, capacity 15630K, committed 15744K, reserved 1062912K
  class space    used 1843K, capacity 1909K, committed 1920K, reserved 1048576K
Event: 3.184 GC heap after
Heap after GC invocations=4 (full 0):
 PSYoungGen      total 71680K, used 5120K [0x00000000d5d80000, 0x00000000da880000, 0x0000000100000000)
  eden space 66560K, 0% used [0x00000000d5d80000,0x00000000d5d80000,0x00000000d9e80000)
  from space 5120K, 100% used [0x00000000da380000,0x00000000da880000,0x00000000da880000)
  to   space 5120K, 0% used [0x00000000d9e80000,0x00000000d9e80000,0x00000000da380000)
 ParOldGen       total 87552K, used 9120K [0x0000000081800000, 0x0000000086d80000, 0x00000000d5d80000)
  object space 87552K, 10% used [0x0000000081800000,0x00000000820e81b0,0x0000000086d80000)
 Metaspace       used 15449K, capacity 15630K, committed 15744K, reserved 1062912K
  class space    used 1843K, capacity 1909K, committed 1920K, reserved 1048576K
}
Event: 4.324 GC heap before
{Heap before GC invocations=5 (full 0):
 PSYoungGen      total 71680K, used 71680K [0x00000000d5d80000, 0x00000000da880000, 0x0000000100000000)
  eden space 66560K, 100% used [0x00000000d5d80000,0x00000000d9e80000,0x00000000d9e80000)
  from space 5120K, 100% used [0x00000000da380000,0x00000000da880000,0x00000000da880000)
  to   space 5120K, 0% used [0x00000000d9e80000,0x00000000d9e80000,0x00000000da380000)
 ParOldGen       total 87552K, used 9120K [0x0000000081800000, 0x0000000086d80000, 0x00000000d5d80000)
  object space 87552K, 10% used [0x0000000081800000,0x00000000820e81b0,0x0000000086d80000)
 Metaspace       used 16792K, capacity 17142K, committed 17536K, reserved 1064960K
  class space    used 1956K, capacity 2085K, committed 2176K, reserved 1048576K
Event: 4.356 GC heap after
Heap after GC invocations=5 (full 0):
 PSYoungGen      total 71680K, used 5104K [0x00000000d5d80000, 0x00000000df480000, 0x0000000100000000)
  eden space 66560K, 0% used [0x00000000d5d80000,0x00000000d5d80000,0x00000000d9e80000)
  from space 5120K, 99% used [0x00000000d9e80000,0x00000000da37c030,0x00000000da380000)
  to   space 10752K, 0% used [0x00000000dea00000,0x00000000dea00000,0x00000000df480000)
 ParOldGen       total 87552K, used 12990K [0x0000000081800000, 0x0000000086d80000, 0x00000000d5d80000)
  object space 87552K, 14% used [0x0000000081800000,0x00000000824af8b0,0x0000000086d80000)
 Metaspace       used 16792K, capacity 17142K, committed 17536K, reserved 1064960K
  class space    used 1956K, capacity 2085K, committed 2176K, reserved 1048576K
}
Event: 5.900 GC heap before
{Heap before GC invocations=6 (full 0):
 PSYoungGen      total 71680K, used 71579K [0x00000000d5d80000, 0x00000000df480000, 0x0000000100000000)
  eden space 66560K, 99% used [0x00000000d5d80000,0x00000000d9e6af38,0x00000000d9e80000)
  from space 5120K, 99% used [0x00000000d9e80000,0x00000000da37c030,0x00000000da380000)
  to   space 10752K, 0% used [0x00000000dea00000,0x00000000dea00000,0x00000000df480000)
 ParOldGen       total 87552K, used 12990K [0x0000000081800000, 0x0000000086d80000, 0x00000000d5d80000)
  object space 87552K, 14% used [0x0000000081800000,0x00000000824af8b0,0x0000000086d80000)
 Metaspace       used 20548K, capacity 21088K, committed 21296K, reserved 1069056K
  class space    used 2430K, capacity 2592K, committed 2688K, reserved 1048576K
Event: 5.936 GC heap after
Heap after GC invocations=6 (full 0):
 PSYoungGen      total 143360K, used 9279K [0x00000000d5d80000, 0x00000000df580000, 0x0000000100000000)
  eden space 132608K, 0% used [0x00000000d5d80000,0x00000000d5d80000,0x00000000ddf00000)
  from space 10752K, 86% used [0x00000000dea00000,0x00000000df30ff58,0x00000000df480000)
  to   space 11264K, 0% used [0x00000000ddf00000,0x00000000ddf00000,0x00000000dea00000)
 ParOldGen       total 87552K, used 12998K [0x0000000081800000, 0x0000000086d80000, 0x00000000d5d80000)
  object space 87552K, 14% used [0x0000000081800000,0x00000000824b18b0,0x0000000086d80000)
 Metaspace       used 20548K, capacity 21088K, committed 21296K, reserved 1069056K
  class space    used 2430K, capacity 2592K, committed 2688K, reserved 1048576K
}
Event: 5.936 GC heap before
{Heap before GC invocations=7 (full 1):
 PSYoungGen      total 143360K, used 9279K [0x00000000d5d80000, 0x00000000df580000, 0x0000000100000000)
  eden space 132608K, 0% used [0x00000000d5d80000,0x00000000d5d80000,0x00000000ddf00000)
  from space 10752K, 86% used [0x00000000dea00000,0x00000000df30ff58,0x00000000df480000)
  to   space 11264K, 0% used [0x00000000ddf00000,0x00000000ddf00000,0x00000000dea00000)
 ParOldGen       total 87552K, used 12998K [0x0000000081800000, 0x0000000086d80000, 0x00000000d5d80000)
  object space 87552K, 14% used [0x0000000081800000,0x00000000824b18b0,0x0000000086d80000)
 Metaspace       used 20548K, capacity 21088K, committed 21296K, reserved 1069056K
  class space    used 2430K, capacity 2592K, committed 2688K, reserved 1048576K
Event: 6.055 GC heap after
Heap after GC invocations=7 (full 1):
 PSYoungGen      total 143360K, used 0K [0x00000000d5d80000, 0x00000000df580000, 0x0000000100000000)
  eden space 132608K, 0% used [0x00000000d5d80000,0x00000000d5d80000,0x00000000ddf00000)
  from space 10752K, 0% used [0x00000000dea00000,0x00000000dea00000,0x00000000df480000)
  to   space 11264K, 0% used [0x00000000ddf00000,0x00000000ddf00000,0x00000000dea00000)
 ParOldGen       total 70656K, used 15568K [0x0000000081800000, 0x0000000085d00000, 0x00000000d5d80000)
  object space 70656K, 22% used [0x0000000081800000,0x00000000827340a0,0x0000000085d00000)
 Metaspace       used 20548K, capacity 21088K, committed 21296K, reserved 1069056K
  class space    used 2430K, capacity 2592K, committed 2688K, reserved 1048576K
}
Event: 10.042 GC heap before
{Heap before GC invocations=8 (full 1):
 PSYoungGen      total 143360K, used 132608K [0x00000000d5d80000, 0x00000000df580000, 0x0000000100000000)
  eden space 132608K, 100% used [0x00000000d5d80000,0x00000000ddf00000,0x00000000ddf00000)
  from space 10752K, 0% used [0x00000000dea00000,0x00000000dea00000,0x00000000df480000)
  to   space 11264K, 0% used [0x00000000ddf00000,0x00000000ddf00000,0x00000000dea00000)
 ParOldGen       total 70656K, used 15568K [0x0000000081800000, 0x0000000085d00000, 0x00000000d5d80000)
  object space 70656K, 22% used [0x0000000081800000,0x00000000827340a0,0x0000000085d00000)
 Metaspace       used 24739K, capacity 25304K, committed 25600K, reserved 1071104K
  class space    used 2859K, capacity 3011K, committed 3072K, reserved 1048576K
Event: 10.077 GC heap after
Heap after GC invocations=8 (full 1):
 PSYoungGen      total 143872K, used 11252K [0x00000000d5d80000, 0x00000000e4100000, 0x0000000100000000)
  eden space 132608K, 0% used [0x00000000d5d80000,0x00000000d5d80000,0x00000000ddf00000)
  from space 11264K, 99% used [0x00000000ddf00000,0x00000000de9fd3d0,0x00000000dea00000)
  to   space 17920K, 0% used [0x00000000e2f80000,0x00000000e2f80000,0x00000000e4100000)
 ParOldGen       total 70656K, used 26910K [0x0000000081800000, 0x0000000085d00000, 0x00000000d5d80000)
  object space 70656K, 38% used [0x0000000081800000,0x0000000083247b68,0x0000000085d00000)
 Metaspace       used 24739K, capacity 25304K, committed 25600K, reserved 1071104K
  class space    used 2859K, capacity 3011K, committed 3072K, reserved 1048576K
}

Deoptimization events (10 events):
Event: 10.433 Thread 0x0000000002fde000 Uncommon trap: reason=class_check action=maybe_recompile pc=0x00000000037620c0 method=java.util.Collections$UnmodifiableMap$UnmodifiableEntrySet$UnmodifiableEntry.getKey()Ljava/lang/Object; @ 4
Event: 10.433 Thread 0x0000000002fde000 Uncommon trap: reason=class_check action=maybe_recompile pc=0x000000000376e040 method=java.util.Collections$UnmodifiableMap$UnmodifiableEntrySet$UnmodifiableEntry.getValue()Ljava/lang/Object; @ 4
Event: 10.433 Thread 0x0000000002fde000 Uncommon trap: reason=class_check action=maybe_recompile pc=0x00000000037611cc method=java.util.Collections$UnmodifiableMap$UnmodifiableEntrySet$1.hasNext()Z @ 4
Event: 10.433 Thread 0x0000000002fde000 Uncommon trap: reason=class_check action=maybe_recompile pc=0x000000000376e464 method=java.util.Collections$UnmodifiableMap$UnmodifiableEntrySet$1.next()Ljava/util/Map$Entry; @ 8
Event: 10.433 Thread 0x0000000002fde000 Uncommon trap: reason=class_check action=maybe_recompile pc=0x00000000037620c0 method=java.util.Collections$UnmodifiableMap$UnmodifiableEntrySet$UnmodifiableEntry.getKey()Ljava/lang/Object; @ 4
Event: 10.433 Thread 0x0000000002fde000 Uncommon trap: reason=class_check action=maybe_recompile pc=0x000000000376e040 method=java.util.Collections$UnmodifiableMap$UnmodifiableEntrySet$UnmodifiableEntry.getValue()Ljava/lang/Object; @ 4
Event: 11.186 Thread 0x000000001a0a4800 Uncommon trap: reason=unstable_if action=reinterpret pc=0x0000000003567dec method=java.io.BufferedReader.readLine(Z)Ljava/lang/String; @ 192
Event: 11.258 Thread 0x000000001c5bf000 Uncommon trap: reason=null_check action=make_not_entrant pc=0x0000000003c35e94 method=java.lang.StringCoding.deref(Ljava/lang/ThreadLocal;)Ljava/lang/Object; @ 4
Event: 28.419 Thread 0x000000001a0a4800 Uncommon trap: reason=unstable_if action=reinterpret pc=0x00000000032de360 method=java.util.concurrent.ArrayBlockingQueue.enqueue(Ljava/lang/Object;)V @ 25
Event: 28.489 Thread 0x000000001a0a4800 Uncommon trap: reason=unstable_if action=reinterpret pc=0x00000000031ddb18 method=java.util.concurrent.ArrayBlockingQueue.put(Ljava/lang/Object;)V @ 22

Internal exceptions (10 events):
Event: 3.587 Thread 0x0000000002fde000 Implicit null exception at 0x0000000003354b2f to 0x0000000003354b99
Event: 5.469 Thread 0x0000000002fde000 Exception <a 'java/lang/ClassNotFoundException': com/sun/tools/javac/api/JavacTool> (0x00000000d95b3018) thrown at [C:\re\workspace\8-2-build-windows-amd64-cygwin\jdk8u151\9699\hotspot\src\share\vm\classfile\systemDictionary.cpp, line 210]
Event: 7.246 Thread 0x0000000002fde000 Exception <a 'java/io/FileNotFoundException'> (0x00000000d75b64b0) thrown at [C:\re\workspace\8-2-build-windows-amd64-cygwin\jdk8u151\9699\hotspot\src\share\vm\prims\jni.cpp, line 709]
Event: 7.250 Thread 0x0000000002fde000 Exception <a 'java/io/FileNotFoundException'> (0x00000000d75eaf30) thrown at [C:\re\workspace\8-2-build-windows-amd64-cygwin\jdk8u151\9699\hotspot\src\share\vm\prims\jni.cpp, line 709]
Event: 8.533 Thread 0x0000000002fde000 Exception <a 'java/io/FileNotFoundException'> (0x00000000d9fa2a58) thrown at [C:\re\workspace\8-2-build-windows-amd64-cygwin\jdk8u151\9699\hotspot\src\share\vm\prims\jni.cpp, line 709]
Event: 8.534 Thread 0x0000000002fde000 Exception <a 'java/io/FileNotFoundException'> (0x00000000d9fa4558) thrown at [C:\re\workspace\8-2-build-windows-amd64-cygwin\jdk8u151\9699\hotspot\src\share\vm\prims\jni.cpp, line 709]
Event: 9.436 Thread 0x0000000002fde000 Exception <a 'java/lang/NoSuchMethodError': org.apache.maven.execution.MavenExecutionRequest.getFailureBehavior()Ljava/lang/String;> (0x00000000dc78ef90) thrown at [C:\re\workspace\8-2-build-windows-amd64-cygwin\jdk8u151\9699\hotspot\src\share\vm\interpre
Event: 9.487 Thread 0x0000000002fde000 Implicit null exception at 0x000000000370a0e0 to 0x000000000370a151
Event: 9.487 Thread 0x0000000002fde000 Implicit null exception at 0x000000000370aeb0 to 0x000000000370af01
Event: 11.258 Thread 0x000000001c5bf000 Implicit null exception at 0x0000000003c355c1 to 0x0000000003c35e79

Events (10 events):
Event: 16.460 Thread 0x0000000017baa800 flushing nmethod 0x00000000039c26d0
Event: 16.462 Thread 0x0000000017baa800 flushing nmethod 0x0000000003b3f8d0
Event: 21.207 Thread 0x000000001a0a4800 DEOPT PACKING pc=0x00000000033052f8 sp=0x00000000210ef170
Event: 21.207 Thread 0x000000001a0a4800 DEOPT UNPACKING pc=0x000000000309787f sp=0x00000000210eeee8 mode 0
Event: 28.419 Thread 0x000000001a0a4800 Uncommon trap: trap_request=0xffffff65 fr.pc=0x00000000032de360
Event: 28.419 Thread 0x000000001a0a4800 DEOPT PACKING pc=0x00000000032de360 sp=0x00000000210ef250
Event: 28.419 Thread 0x000000001a0a4800 DEOPT UNPACKING pc=0x000000000309582a sp=0x00000000210ef0d0 mode 2
Event: 28.489 Thread 0x000000001a0a4800 Uncommon trap: trap_request=0xffffff65 fr.pc=0x00000000031ddb18
Event: 28.489 Thread 0x000000001a0a4800 DEOPT PACKING pc=0x00000000031ddb18 sp=0x00000000210ef210
Event: 28.489 Thread 0x000000001a0a4800 DEOPT UNPACKING pc=0x000000000309582a sp=0x00000000210ef148 mode 2


Dynamic libraries:
0x00007ff62ecd0000 - 0x00007ff62ed07000 	C:\Program Files\Java\jdk1.8.0_151\bin\java.exe
0x00007fff2c690000 - 0x00007fff2c885000 	C:\WINDOWS\SYSTEM32\ntdll.dll
0x00007fff2ba00000 - 0x00007fff2babd000 	C:\WINDOWS\System32\KERNEL32.DLL
0x00007fff2a1b0000 - 0x00007fff2a479000 	C:\WINDOWS\System32\KERNELBASE.dll
0x00007fff2b940000 - 0x00007fff2b9ec000 	C:\WINDOWS\System32\ADVAPI32.dll
0x00007fff2bcb0000 - 0x00007fff2bd4e000 	C:\WINDOWS\System32\msvcrt.dll
0x00007fff2bac0000 - 0x00007fff2bb5b000 	C:\WINDOWS\System32\sechost.dll
0x00007fff2a850000 - 0x00007fff2a97a000 	C:\WINDOWS\System32\RPCRT4.dll
0x00007fff2bdb0000 - 0x00007fff2bf50000 	C:\WINDOWS\System32\USER32.dll
0x00007fff2a480000 - 0x00007fff2a4a2000 	C:\WINDOWS\System32\win32u.dll
0x00007fff2bbd0000 - 0x00007fff2bbfa000 	C:\WINDOWS\System32\GDI32.dll
0x00007fff2a5e0000 - 0x00007fff2a6eb000 	C:\WINDOWS\System32\gdi32full.dll
0x00007fff2a4b0000 - 0x00007fff2a54d000 	C:\WINDOWS\System32\msvcp_win.dll
0x00007fff29dc0000 - 0x00007fff29ec0000 	C:\WINDOWS\System32\ucrtbase.dll
0x00007fff15400000 - 0x00007fff1569a000 	C:\WINDOWS\WinSxS\amd64_microsoft.windows.common-controls_6595b64144ccf1df_6.0.19041.1110_none_60b5254171f9507e\COMCTL32.dll
0x00007fff2aa60000 - 0x00007fff2aa90000 	C:\WINDOWS\System32\IMM32.DLL
0x000000006a270000 - 0x000000006a342000 	C:\Program Files\Java\jdk1.8.0_151\jre\bin\msvcr100.dll
0x0000000068ae0000 - 0x000000006937d000 	C:\Program Files\Java\jdk1.8.0_151\jre\bin\server\jvm.dll
0x00007fff2b9f0000 - 0x00007fff2b9f8000 	C:\WINDOWS\System32\PSAPI.DLL
0x00007fff16a60000 - 0x00007fff16a87000 	C:\WINDOWS\SYSTEM32\WINMM.dll
0x00007fff0b470000 - 0x00007fff0b479000 	C:\WINDOWS\SYSTEM32\WSOCK32.dll
0x00007fff1d350000 - 0x00007fff1d35a000 	C:\WINDOWS\SYSTEM32\VERSION.dll
0x00007fff2bb60000 - 0x00007fff2bbcb000 	C:\WINDOWS\System32\WS2_32.dll
0x000000006a260000 - 0x000000006a26f000 	C:\Program Files\Java\jdk1.8.0_151\jre\bin\verify.dll
0x000000006a230000 - 0x000000006a259000 	C:\Program Files\Java\jdk1.8.0_151\jre\bin\java.dll
0x000000006a210000 - 0x000000006a226000 	C:\Program Files\Java\jdk1.8.0_151\jre\bin\zip.dll
0x00007fff2ad00000 - 0x00007fff2b43f000 	C:\WINDOWS\System32\SHELL32.dll
0x00007fff27e90000 - 0x00007fff28620000 	C:\WINDOWS\SYSTEM32\windows.storage.dll
0x00007fff2c2f0000 - 0x00007fff2c645000 	C:\WINDOWS\System32\combase.dll
0x00007fff29740000 - 0x00007fff2976c000 	C:\WINDOWS\SYSTEM32\Wldp.dll
0x00007fff2a7a0000 - 0x00007fff2a84e000 	C:\WINDOWS\System32\SHCORE.dll
0x00007fff2ac40000 - 0x00007fff2ac95000 	C:\WINDOWS\System32\shlwapi.dll
0x00007fff29d00000 - 0x00007fff29d1f000 	C:\WINDOWS\SYSTEM32\profapi.dll
0x0000000069ac0000 - 0x0000000069ae4000 	C:\Users\Ivan\AppData\Local\Temp\jansi-2.3.4-f8ff4f543c9f895e-jansi.dll
0x000000006a1f0000 - 0x000000006a20a000 	C:\Program Files\Java\jdk1.8.0_151\jre\bin\net.dll
0x00007fff29520000 - 0x00007fff2958a000 	C:\WINDOWS\system32\mswsock.dll
0x000000006a1d0000 - 0x000000006a1e1000 	C:\Program Files\Java\jdk1.8.0_151\jre\bin\nio.dll
0x0000000069770000 - 0x000000006977d000 	C:\Program Files\Java\jdk1.8.0_151\jre\bin\management.dll
0x00007fff0b480000 - 0x00007fff0b497000 	C:\WINDOWS\system32\napinsp.dll
0x00007fff09fb0000 - 0x00007fff09fcb000 	C:\WINDOWS\system32\pnrpnsp.dll
0x00007fff09e10000 - 0x00007fff09e25000 	C:\WINDOWS\system32\wshbth.dll
0x00007fff254b0000 - 0x00007fff254cd000 	C:\WINDOWS\system32\NLAapi.dll
0x00007fff291e0000 - 0x00007fff2921b000 	C:\WINDOWS\SYSTEM32\IPHLPAPI.DLL
0x00007fff29230000 - 0x00007fff292fc000 	C:\WINDOWS\SYSTEM32\DNSAPI.dll
0x00007fff2bf50000 - 0x00007fff2bf58000 	C:\WINDOWS\System32\NSI.dll
0x00007fff09db0000 - 0x00007fff09dc2000 	C:\WINDOWS\System32\winrnr.dll
0x00007fff1d790000 - 0x00007fff1d79a000 	C:\Windows\System32\rasadhlp.dll
0x00007fff1da60000 - 0x00007fff1dadf000 	C:\WINDOWS\System32\fwpuclnt.dll
0x00007fff2a550000 - 0x00007fff2a577000 	C:\WINDOWS\System32\bcrypt.dll
0x00007fff29a90000 - 0x00007fff29aa8000 	C:\WINDOWS\SYSTEM32\CRYPTSP.dll
0x00007fff28e50000 - 0x00007fff28e84000 	C:\WINDOWS\system32\rsaenh.dll
0x00007fff29cc0000 - 0x00007fff29cee000 	C:\WINDOWS\SYSTEM32\USERENV.dll
0x00007fff29f10000 - 0x00007fff29f93000 	C:\WINDOWS\System32\bcryptprimitives.dll
0x00007fff296b0000 - 0x00007fff296bc000 	C:\WINDOWS\SYSTEM32\CRYPTBASE.dll
0x00007fff1f5b0000 - 0x00007fff1f5c7000 	C:\WINDOWS\SYSTEM32\dhcpcsvc6.DLL
0x00007fff1f590000 - 0x00007fff1f5ad000 	C:\WINDOWS\SYSTEM32\dhcpcsvc.DLL

VM Arguments:
jvm_args: -Dclassworlds.conf=C:\Program Files\apache-maven-3.8.2\bin\m2.conf -Dmaven.home=C:\Program Files\apache-maven-3.8.2 -Dmaven.multiModuleProjectDirectory=E:\Mindtree_Backup\Programs\Test\learningSpringBoot\learningSpringBoot 
java_command: org.codehaus.plexus.classworlds.launcher.Launcher clean install
java_class_path (initial): C:\Program Files\apache-maven-3.8.2\boot\plexus-classworlds-2.6.0.jar
Launcher Type: SUN_STANDARD

Environment Variables:
JAVA_HOME=C:\Program Files\Java\jdk1.8.0_151
PATH=C:\Program Files\Common Files\Oracle\Java\javapath;C:\ProgramData\Oracle\Java\javapath;C:\WINDOWS\system32;C:\WINDOWS;C:\WINDOWS\System32\Wbem;C:\WINDOWS\System32\WindowsPowerShell\v1.0\;C:\WINDOWS\System32\OpenSSH\;C:\Program Files (x86)\HP\Common\HPDestPlgIn\;C:\Android;C:\Windows\System32;%JAVA_HOME%\bin;C:\Program Files\Git\cmd;C:\Program Files\PuTTY\;C:\ProgramData\chocolatey\bin;C:\Program Files\apache-maven-3.8.2\bin;;C:\Program Files\nodejs\;C:\Program Files\dotnet\;C:\Program Files\Docker\Docker\resources\bin;C:\ProgramData\DockerDesktop\version-bin;C:\Users\Ivan\AppData\Local\Programs\Python\Python39\Scripts\;C:\Users\Ivan\AppData\Local\Programs\Python\Python39\;C:\Users\Ivan\AppData\Local\Microsoft\WindowsApps;C:\Users\Ivan\AppData\Local\Programs\Microsoft VS Code\bin;C:\Users\Ivan\AppData\Roaming\npm;C:\Users\Ivan\.dotnet\tools;C:\Program Files\JetBrains\IntelliJ IDEA Community Edition 2021.2.1\bin
USERNAME=Ivan
OS=Windows_NT
PROCESSOR_IDENTIFIER=Intel64 Family 6 Model 69 Stepping 1, GenuineIntel



---------------  S Y S T E M  ---------------

OS: Windows 10.0 , 64 bit Build 19041 (10.0.19041.1151)

CPU:total 4 (initial active 4) (2 cores per cpu, 2 threads per core) family 6 model 69 stepping 1, cmov, cx8, fxsr, mmx, sse, sse2, sse3, ssse3, sse4.1, sse4.2, popcnt, avx, avx2, aes, clmul, erms, lzcnt, ht, tsc, tscinvbit, bmi1, bmi2

Memory: 4k page, physical 8283244k(1315800k free), swap 12098552k(5196k free)

vm_info: Java HotSpot(TM) 64-Bit Server VM (25.151-b12) for windows-amd64 JRE (1.8.0_151-b12), built on Sep  5 2017 19:33:46 by "java_re" with MS VC++ 10.0 (VS2010)

time: Fri Sep 10 11:32:07 2021
elapsed time: 29 seconds (0d 0h 0m 29s)

