#
# There is insufficient memory for the Java Runtime Environment to continue.
# Native memory allocation (malloc) failed to allocate 2471072 bytes for Chunk::new
# Possible reasons:
#   The system is out of physical RAM or swap space
#   In 32 bit mode, the process size limit was hit
# Possible solutions:
#   Reduce memory load on the system
#   Increase physical memory or swap space
#   Check if swap backing store is full
#   Use 64 bit Java on a 64 bit OS
#   Decrease Java heap size (-Xmx/-Xms)
#   Decrease number of Java threads
#   Decrease Java thread stack sizes (-Xss)
#   Set larger code cache with -XX:ReservedCodeCacheSize=
# This output file may be truncated or incomplete.
#
#  Out of Memory Error (allocation.cpp:390), pid=13288, tid=0x00000000000032c8
#
# JRE version: Java(TM) SE Runtime Environment (8.0_151-b12) (build 1.8.0_151-b12)
# Java VM: Java HotSpot(TM) 64-Bit Server VM (25.151-b12 mixed mode windows-amd64 compressed oops)
# Failed to write core dump. Minidumps are not enabled by default on client versions of Windows
#

---------------  T H R E A D  ---------------

Current thread (0x0000000017dd6000):  
[error occurred during error reporting (printing current thread), id 0xc0000005]

Stack: [0x0000000019440000,0x0000000019540000]
[error occurred during error reporting (printing stack bounds), id 0xc0000005]

Native frames: (J=compiled Java code, j=interpreted, Vv=VM code, C=native code)


Current CompileTask:
C2:   6781 2590       4       java.net.URLClassLoader$1::run (5 bytes)


---------------  P R O C E S S  ---------------

Java Threads: ( => current thread )
  0x000000001ad50800 
[error occurred during error reporting (printing all threads), id 0xc0000005]

VM state:at safepoint (normal execution)

VM Mutex/Monitor currently owned by a thread:  ([mutex/lock_event])
[0x00000000031829d0] Threads_lock - owner thread: 0x0000000017d97800
[0x0000000003182850] Heap_lock - owner thread: 0x0000000003185800

Heap:
 PSYoungGen      total 71680K, used 5117K [0x00000000d5d80000, 0x00000000da880000, 0x0000000100000000)
  eden space 66560K, 0% used [0x00000000d5d80000,0x00000000d5d80000,0x00000000d9e80000)
  from space 5120K, 99% used [0x00000000da380000,0x00000000da87f520,0x00000000da880000)
  to   space 5120K, 0% used [0x00000000d9e80000,0x00000000d9e80000,0x00000000da380000)
 ParOldGen       total 54784K, used 13068K [0x0000000081800000, 0x0000000084d80000, 0x00000000d5d80000)
  object space 54784K, 23% used [0x0000000081800000,0x00000000824c30e8,0x0000000084d80000)
 Metaspace       used 31677K, capacity 33212K, committed 33408K, reserved 1083392K
  class space    used 4023K, capacity 4356K, committed 4480K, reserved 1048576K

Card table byte_map: [0x0000000012640000,0x0000000012a40000] byte_map_base: 0x0000000012234000

Marking Bits: (ParMarkBitMap*) 0x000000006a14d850
 Begin Bits: [0x00000000130f0000, 0x0000000015090000)
 End Bits:   [0x0000000015090000, 0x0000000017030000)

Polling page: 0x00000000011b0000

CodeCache: size=245760Kb used=9557Kb max_used=9566Kb free=236202Kb
 bounds [0x0000000003280000, 0x0000000003be0000, 0x0000000012280000]
 total_blobs=3240 nmethods=2800 adapters=352
 compilation: enabled

Compilation events (10 events):
Event: 6.532 Thread 0x0000000017dd8000 nmethod 2817 0x0000000003bda150 code [0x0000000003bda340, 0x0000000003bdb1f0]
Event: 6.532 Thread 0x0000000017dd8000 2809 %     4       sun.nio.cs.UTF_8$Decoder::decodeArrayLoop @ 106 (691 bytes)
Event: 6.566 Thread 0x0000000017dd8000 nmethod 2809% 0x0000000003bdbc90 code [0x0000000003bdbf40, 0x0000000003bdcfb0]
Event: 6.566 Thread 0x0000000017dd8000 2790  s    4       java.util.Hashtable::put (104 bytes)
Event: 6.607 Thread 0x0000000017dd8000 nmethod 2790 0x0000000003bcb850 code [0x0000000003bcba00, 0x0000000003bccb78]
Event: 6.608 Thread 0x0000000017dd8000 2824       4       java.lang.String::lastIndexOf (151 bytes)
Event: 6.612 Thread 0x0000000017dd8000 nmethod 2824 0x0000000003bc9d50 code [0x0000000003bc9ea0, 0x0000000003bca0d8]
Event: 6.694 Thread 0x0000000017dda000 2825       3       java.util.regex.Pattern$CharProperty::study (29 bytes)
Event: 6.694 Thread 0x0000000017dda000 nmethod 2825 0x0000000003bc95d0 code [0x0000000003bc9740, 0x0000000003bc9988]
Event: 6.715 Thread 0x0000000017dd8000 2826       4       sun.misc.ASCIICaseInsensitiveComparator::compare (126 bytes)

GC Heap History (10 events):
Event: 3.782 GC heap after
Heap after GC invocations=3 (full 0):
 PSYoungGen      total 38400K, used 5116K [0x00000000d5d80000, 0x00000000da880000, 0x0000000100000000)
  eden space 33280K, 0% used [0x00000000d5d80000,0x00000000d5d80000,0x00000000d7e00000)
  from space 5120K, 99% used [0x00000000d7e00000,0x00000000d82ff2b8,0x00000000d8300000)
  to   space 5120K, 0% used [0x00000000da380000,0x00000000da380000,0x00000000da880000)
 ParOldGen       total 87552K, used 6427K [0x0000000081800000, 0x0000000086d80000, 0x00000000d5d80000)
  object space 87552K, 7% used [0x0000000081800000,0x0000000081e46c58,0x0000000086d80000)
 Metaspace       used 19542K, capacity 20212K, committed 20480K, reserved 1067008K
  class space    used 2332K, capacity 2536K, committed 2560K, reserved 1048576K
}
Event: 3.982 GC heap before
{Heap before GC invocations=4 (full 0):
 PSYoungGen      total 38400K, used 14372K [0x00000000d5d80000, 0x00000000da880000, 0x0000000100000000)
  eden space 33280K, 27% used [0x00000000d5d80000,0x00000000d6689e90,0x00000000d7e00000)
  from space 5120K, 99% used [0x00000000d7e00000,0x00000000d82ff2b8,0x00000000d8300000)
  to   space 5120K, 0% used [0x00000000da380000,0x00000000da380000,0x00000000da880000)
 ParOldGen       total 87552K, used 6427K [0x0000000081800000, 0x0000000086d80000, 0x00000000d5d80000)
  object space 87552K, 7% used [0x0000000081800000,0x0000000081e46c58,0x0000000086d80000)
 Metaspace       used 20505K, capacity 21212K, committed 21296K, reserved 1069056K
  class space    used 2455K, capacity 2664K, committed 2688K, reserved 1048576K
Event: 3.993 GC heap after
Heap after GC invocations=4 (full 0):
 PSYoungGen      total 71680K, used 5109K [0x00000000d5d80000, 0x00000000da880000, 0x0000000100000000)
  eden space 66560K, 0% used [0x00000000d5d80000,0x00000000d5d80000,0x00000000d9e80000)
  from space 5120K, 99% used [0x00000000da380000,0x00000000da87d400,0x00000000da880000)
  to   space 5120K, 0% used [0x00000000d9e80000,0x00000000d9e80000,0x00000000da380000)
 ParOldGen       total 87552K, used 7581K [0x0000000081800000, 0x0000000086d80000, 0x00000000d5d80000)
  object space 87552K, 8% used [0x0000000081800000,0x0000000081f67630,0x0000000086d80000)
 Metaspace       used 20505K, capacity 21212K, committed 21296K, reserved 1069056K
  class space    used 2455K, capacity 2664K, committed 2688K, reserved 1048576K
}
Event: 3.993 GC heap before
{Heap before GC invocations=5 (full 1):
 PSYoungGen      total 71680K, used 5109K [0x00000000d5d80000, 0x00000000da880000, 0x0000000100000000)
  eden space 66560K, 0% used [0x00000000d5d80000,0x00000000d5d80000,0x00000000d9e80000)
  from space 5120K, 99% used [0x00000000da380000,0x00000000da87d400,0x00000000da880000)
  to   space 5120K, 0% used [0x00000000d9e80000,0x00000000d9e80000,0x00000000da380000)
 ParOldGen       total 87552K, used 7581K [0x0000000081800000, 0x0000000086d80000, 0x00000000d5d80000)
  object space 87552K, 8% used [0x0000000081800000,0x0000000081f67630,0x0000000086d80000)
 Metaspace       used 20505K, capacity 21212K, committed 21296K, reserved 1069056K
  class space    used 2455K, capacity 2664K, committed 2688K, reserved 1048576K
Event: 4.038 GC heap after
Heap after GC invocations=5 (full 1):
 PSYoungGen      total 71680K, used 0K [0x00000000d5d80000, 0x00000000da880000, 0x0000000100000000)
  eden space 66560K, 0% used [0x00000000d5d80000,0x00000000d5d80000,0x00000000d9e80000)
  from space 5120K, 0% used [0x00000000da380000,0x00000000da380000,0x00000000da880000)
  to   space 5120K, 0% used [0x00000000d9e80000,0x00000000d9e80000,0x00000000da380000)
 ParOldGen       total 54784K, used 6556K [0x0000000081800000, 0x0000000084d80000, 0x00000000d5d80000)
  object space 54784K, 11% used [0x0000000081800000,0x0000000081e67368,0x0000000084d80000)
 Metaspace       used 20505K, capacity 21212K, committed 21296K, reserved 1069056K
  class space    used 2455K, capacity 2664K, committed 2688K, reserved 1048576K
}
Event: 5.751 GC heap before
{Heap before GC invocations=6 (full 1):
 PSYoungGen      total 71680K, used 66560K [0x00000000d5d80000, 0x00000000da880000, 0x0000000100000000)
  eden space 66560K, 100% used [0x00000000d5d80000,0x00000000d9e80000,0x00000000d9e80000)
  from space 5120K, 0% used [0x00000000da380000,0x00000000da380000,0x00000000da880000)
  to   space 5120K, 0% used [0x00000000d9e80000,0x00000000d9e80000,0x00000000da380000)
 ParOldGen       total 54784K, used 6556K [0x0000000081800000, 0x0000000084d80000, 0x00000000d5d80000)
  object space 54784K, 11% used [0x0000000081800000,0x0000000081e67368,0x0000000084d80000)
 Metaspace       used 27494K, capacity 28920K, committed 29184K, reserved 1075200K
  class space    used 3486K, capacity 3780K, committed 3840K, reserved 1048576K
Event: 5.764 GC heap after
Heap after GC invocations=6 (full 1):
 PSYoungGen      total 71680K, used 5114K [0x00000000d5d80000, 0x00000000da880000, 0x0000000100000000)
  eden space 66560K, 0% used [0x00000000d5d80000,0x00000000d5d80000,0x00000000d9e80000)
  from space 5120K, 99% used [0x00000000d9e80000,0x00000000da37ebd8,0x00000000da380000)
  to   space 5120K, 0% used [0x00000000da380000,0x00000000da380000,0x00000000da880000)
 ParOldGen       total 54784K, used 9834K [0x0000000081800000, 0x0000000084d80000, 0x00000000d5d80000)
  object space 54784K, 17% used [0x0000000081800000,0x000000008219a9b0,0x0000000084d80000)
 Metaspace       used 27494K, capacity 28920K, committed 29184K, reserved 1075200K
  class space    used 3486K, capacity 3780K, committed 3840K, reserved 1048576K
}
Event: 6.716 GC heap before
{Heap before GC invocations=7 (full 1):
 PSYoungGen      total 71680K, used 51609K [0x00000000d5d80000, 0x00000000da880000, 0x0000000100000000)
  eden space 66560K, 69% used [0x00000000d5d80000,0x00000000d8ae7950,0x00000000d9e80000)
  from space 5120K, 99% used [0x00000000d9e80000,0x00000000da37ebd8,0x00000000da380000)
  to   space 5120K, 0% used [0x00000000da380000,0x00000000da380000,0x00000000da880000)
 ParOldGen       total 54784K, used 9834K [0x0000000081800000, 0x0000000084d80000, 0x00000000d5d80000)
  object space 54784K, 17% used [0x0000000081800000,0x000000008219a9b0,0x0000000084d80000)
 Metaspace       used 31677K, capacity 33212K, committed 33408K, reserved 1083392K
  class space    used 4023K, capacity 4356K, committed 4480K, reserved 1048576K
Event: 6.732 GC heap after
Heap after GC invocations=7 (full 1):
 PSYoungGen      total 71680K, used 5117K [0x00000000d5d80000, 0x00000000da880000, 0x0000000100000000)
  eden space 66560K, 0% used [0x00000000d5d80000,0x00000000d5d80000,0x00000000d9e80000)
  from space 5120K, 99% used [0x00000000da380000,0x00000000da87f520,0x00000000da880000)
  to   space 5120K, 0% used [0x00000000d9e80000,0x00000000d9e80000,0x00000000da380000)
 ParOldGen       total 54784K, used 13068K [0x0000000081800000, 0x0000000084d80000, 0x00000000d5d80000)
  object space 54784K, 23% used [0x0000000081800000,0x00000000824c30e8,0x0000000084d80000)
 Metaspace       used 31677K, capacity 33212K, committed 33408K, reserved 1083392K
  class space    used 4023K, capacity 4356K, committed 4480K, reserved 1048576K
}
Event: 6.732 GC heap before
{Heap before GC invocations=8 (full 2):
 PSYoungGen      total 71680K, used 5117K [0x00000000d5d80000, 0x00000000da880000, 0x0000000100000000)
  eden space 66560K, 0% used [0x00000000d5d80000,0x00000000d5d80000,0x00000000d9e80000)
  from space 5120K, 99% used [0x00000000da380000,0x00000000da87f520,0x00000000da880000)
  to   space 5120K, 0% used [0x00000000d9e80000,0x00000000d9e80000,0x00000000da380000)
 ParOldGen       total 54784K, used 13068K [0x0000000081800000, 0x0000000084d80000, 0x00000000d5d80000)
  object space 54784K, 23% used [0x0000000081800000,0x00000000824c30e8,0x0000000084d80000)
 Metaspace       used 31677K, capacity 33212K, committed 33408K, reserved 1083392K
  class space    used 4023K, capacity 4356K, committed 4480K, reserved 1048576K

Deoptimization events (10 events):
Event: 5.489 Thread 0x0000000003185800 Uncommon trap: reason=predicate action=maybe_recompile pc=0x0000000003a7d5b8 method=java.util.AbstractCollection.toArray([Ljava/lang/Object;)[Ljava/lang/Object; @ 49
Event: 5.555 Thread 0x0000000003185800 Uncommon trap: reason=array_check action=maybe_recompile pc=0x0000000003aa47c0 method=java.util.AbstractCollection.toArray([Ljava/lang/Object;)[Ljava/lang/Object; @ 119
Event: 5.556 Thread 0x0000000003185800 Uncommon trap: reason=array_check action=maybe_recompile pc=0x0000000003aa47c0 method=java.util.AbstractCollection.toArray([Ljava/lang/Object;)[Ljava/lang/Object; @ 119
Event: 5.556 Thread 0x0000000003185800 Uncommon trap: reason=array_check action=maybe_recompile pc=0x0000000003aa47c0 method=java.util.AbstractCollection.toArray([Ljava/lang/Object;)[Ljava/lang/Object; @ 119
Event: 5.556 Thread 0x0000000003185800 Uncommon trap: reason=array_check action=maybe_recompile pc=0x0000000003aa47c0 method=java.util.AbstractCollection.toArray([Ljava/lang/Object;)[Ljava/lang/Object; @ 119
Event: 6.182 Thread 0x0000000003185800 Uncommon trap: reason=unstable_if action=reinterpret pc=0x0000000003a69a04 method=java.util.Properties$LineReader.readLine()I @ 252
Event: 6.182 Thread 0x0000000003185800 Uncommon trap: reason=unstable_if action=reinterpret pc=0x0000000003a682f0 method=java.util.Properties.loadConvert([CII[C)Ljava/lang/String; @ 57
Event: 6.182 Thread 0x0000000003185800 Uncommon trap: reason=unstable_if action=reinterpret pc=0x0000000003a5d704 method=java.util.Properties$LineReader.readLine()I @ 252
Event: 6.402 Thread 0x0000000003185800 Uncommon trap: reason=unstable_if action=reinterpret pc=0x00000000039a5fc8 method=java.util.concurrent.ConcurrentHashMap.transfer([Ljava/util/concurrent/ConcurrentHashMap$Node;[Ljava/util/concurrent/ConcurrentHashMap$Node;)V @ 356
Event: 6.480 Thread 0x0000000003185800 Uncommon trap: reason=unstable_if action=reinterpret pc=0x000000000393d278 method=jdk.internal.org.objectweb.asm.Type.getArgumentsAndReturnSizes(Ljava/lang/String;)I @ 47

Internal exceptions (10 events):
Event: 6.072 Thread 0x0000000003185800 Exception <a 'java/lang/ClassNotFoundException': org/springframework/beans/factory/AwareCustomizer> (0x00000000d6934828) thrown at [C:\re\workspace\8-2-build-windows-amd64-cygwin\jdk8u151\9699\hotspot\src\share\vm\classfile\systemDictionary.cpp, line 210]
Event: 6.085 Thread 0x0000000003185800 Exception <a 'java/lang/ClassNotFoundException': java/lang/ObjectCustomizer> (0x00000000d69842c8) thrown at [C:\re\workspace\8-2-build-windows-amd64-cygwin\jdk8u151\9699\hotspot\src\share\vm\classfile\systemDictionary.cpp, line 210]
Event: 6.086 Thread 0x0000000003185800 Exception <a 'java/lang/ClassNotFoundException': com/mine/vj/learningSpringBoot/pages/BasePageCustomizer> (0x00000000d69a4c68) thrown at [C:\re\workspace\8-2-build-windows-amd64-cygwin\jdk8u151\9699\hotspot\src\share\vm\classfile\systemDictionary.cpp, lin
Event: 6.088 Thread 0x0000000003185800 Exception <a 'java/lang/ClassNotFoundException': com/mine/vj/learningSpringBoot/pages/HomePageCustomizer> (0x00000000d69c3970) thrown at [C:\re\workspace\8-2-build-windows-amd64-cygwin\jdk8u151\9699\hotspot\src\share\vm\classfile\systemDictionary.cpp, lin
Event: 6.097 Thread 0x0000000003185800 Exception <a 'java/lang/ClassNotFoundException': java/lang/ObjectCustomizer> (0x00000000d6a059f8) thrown at [C:\re\workspace\8-2-build-windows-amd64-cygwin\jdk8u151\9699\hotspot\src\share\vm\classfile\systemDictionary.cpp, line 210]
Event: 6.099 Thread 0x0000000003185800 Exception <a 'java/lang/ClassNotFoundException': com/mine/vj/learningSpringBoot/libraries/WebdriverLibraryCustomizer> (0x00000000d6a2ac20) thrown at [C:\re\workspace\8-2-build-windows-amd64-cygwin\jdk8u151\9699\hotspot\src\share\vm\classfile\systemDiction
Event: 6.100 Thread 0x0000000003185800 Exception <a 'java/lang/ClassNotFoundException': com/mine/vj/learningSpringBoot/libraries/WebdriverLibrary$$EnhancerBySpringCGLIB$$9129145Customizer> (0x00000000d6a5fba0) thrown at [C:\re\workspace\8-2-build-windows-amd64-cygwin\jdk8u151\9699\hotspot\src\
Event: 6.102 Thread 0x0000000003185800 Exception <a 'java/lang/ClassNotFoundException': org/springframework/context/annotation/ConfigurationClassEnhancer$EnhancedConfigurationCustomizer> (0x00000000d6a961c0) thrown at [C:\re\workspace\8-2-build-windows-amd64-cygwin\jdk8u151\9699\hotspot\src\sh
Event: 6.103 Thread 0x0000000003185800 Exception <a 'java/lang/ClassNotFoundException': org/springframework/beans/factory/BeanFactoryAwareCustomizer> (0x00000000d6ab50a0) thrown at [C:\re\workspace\8-2-build-windows-amd64-cygwin\jdk8u151\9699\hotspot\src\share\vm\classfile\systemDictionary.cpp
Event: 6.104 Thread 0x0000000003185800 Exception <a 'java/lang/ClassNotFoundException': org/springframework/beans/factory/AwareCustomizer> (0x00000000d6ad1318) thrown at [C:\re\workspace\8-2-build-windows-amd64-cygwin\jdk8u151\9699\hotspot\src\share\vm\classfile\systemDictionary.cpp, line 210]

Events (10 events):
Event: 6.708 loading class com/fasterxml/jackson/core/async/ByteArrayFeeder done
Event: 6.708 loading class com/fasterxml/jackson/core/async/NonBlockingInputFeeder
Event: 6.708 loading class com/fasterxml/jackson/core/async/NonBlockingInputFeeder done
Event: 6.709 loading class com/fasterxml/jackson/core/json/async/NonBlockingJsonParserBase
Event: 6.709 loading class com/fasterxml/jackson/core/json/async/NonBlockingJsonParserBase done
Event: 6.711 loading class com/fasterxml/jackson/core/base/ParserBase
Event: 6.711 loading class com/fasterxml/jackson/core/base/ParserBase done
Event: 6.714 loading class com/fasterxml/jackson/core/json/UTF8JsonGenerator
Event: 6.714 loading class com/fasterxml/jackson/core/json/UTF8JsonGenerator done
Event: 6.716 Executing VM operation: CollectForMetadataAllocation


Dynamic libraries:
0x00007ff64fd60000 - 0x00007ff64fd97000 	C:\Program Files\Java\jre1.8.0_151\bin\javaw.exe
0x00007fff2c690000 - 0x00007fff2c885000 	C:\WINDOWS\SYSTEM32\ntdll.dll
0x00007fff2ba00000 - 0x00007fff2babd000 	C:\WINDOWS\System32\KERNEL32.DLL
0x00007fff2a1b0000 - 0x00007fff2a479000 	C:\WINDOWS\System32\KERNELBASE.dll
0x0000000069050000 - 0x000000006937a000 	C:\Program Files\Norton Security\NortonData\22.19.8.65\Definitions\IPSDefs\20210909.061\IPSEng64.dll
0x00007fff2b940000 - 0x00007fff2b9ec000 	C:\WINDOWS\System32\ADVAPI32.dll
0x00007fff2bcb0000 - 0x00007fff2bd4e000 	C:\WINDOWS\System32\msvcrt.dll
0x00007fff2bac0000 - 0x00007fff2bb5b000 	C:\WINDOWS\System32\sechost.dll
0x00007fff2a850000 - 0x00007fff2a97a000 	C:\WINDOWS\System32\RPCRT4.dll
0x00007fff2b9f0000 - 0x00007fff2b9f8000 	C:\WINDOWS\System32\PSAPI.DLL
0x00007fff2bdb0000 - 0x00007fff2bf50000 	C:\WINDOWS\System32\USER32.dll
0x00007fff2a480000 - 0x00007fff2a4a2000 	C:\WINDOWS\System32\win32u.dll
0x00007fff2bbd0000 - 0x00007fff2bbfa000 	C:\WINDOWS\System32\GDI32.dll
0x00007fff2a5e0000 - 0x00007fff2a6eb000 	C:\WINDOWS\System32\gdi32full.dll
0x00007fff2a4b0000 - 0x00007fff2a54d000 	C:\WINDOWS\System32\msvcp_win.dll
0x00007fff29dc0000 - 0x00007fff29ec0000 	C:\WINDOWS\System32\ucrtbase.dll
0x00007fff15400000 - 0x00007fff1569a000 	C:\WINDOWS\WinSxS\amd64_microsoft.windows.common-controls_6595b64144ccf1df_6.0.19041.1110_none_60b5254171f9507e\COMCTL32.dll
0x00007fff2aa60000 - 0x00007fff2aa90000 	C:\WINDOWS\System32\IMM32.DLL
0x0000000069850000 - 0x0000000069922000 	C:\Program Files\Java\jre1.8.0_151\bin\msvcr100.dll
0x0000000069930000 - 0x000000006a1cd000 	C:\Program Files\Java\jre1.8.0_151\bin\server\jvm.dll
0x00007fff16a60000 - 0x00007fff16a87000 	C:\WINDOWS\SYSTEM32\WINMM.dll
0x00007fff0b470000 - 0x00007fff0b479000 	C:\WINDOWS\SYSTEM32\WSOCK32.dll
0x00007fff2bb60000 - 0x00007fff2bbcb000 	C:\WINDOWS\System32\WS2_32.dll
0x00007fff1d350000 - 0x00007fff1d35a000 	C:\WINDOWS\SYSTEM32\VERSION.dll
0x0000000069840000 - 0x000000006984f000 	C:\Program Files\Java\jre1.8.0_151\bin\verify.dll
0x0000000069810000 - 0x0000000069839000 	C:\Program Files\Java\jre1.8.0_151\bin\java.dll
0x00000000697f0000 - 0x0000000069806000 	C:\Program Files\Java\jre1.8.0_151\bin\zip.dll
0x00007fff2ad00000 - 0x00007fff2b43f000 	C:\WINDOWS\System32\SHELL32.dll
0x00007fff2a7a0000 - 0x00007fff2a84e000 	C:\WINDOWS\System32\shcore.dll
0x00007fff2c2f0000 - 0x00007fff2c645000 	C:\WINDOWS\System32\combase.dll
0x00007fff27e90000 - 0x00007fff28620000 	C:\WINDOWS\SYSTEM32\windows.storage.dll
0x00007fff29740000 - 0x00007fff2976c000 	C:\WINDOWS\SYSTEM32\Wldp.dll
0x00007fff2ac40000 - 0x00007fff2ac95000 	C:\WINDOWS\System32\shlwapi.dll
0x00007fff29d00000 - 0x00007fff29d1f000 	C:\WINDOWS\SYSTEM32\profapi.dll
0x000000006a260000 - 0x000000006a27a000 	C:\Program Files\Java\jre1.8.0_151\bin\net.dll
0x00007fff29520000 - 0x00007fff2958a000 	C:\WINDOWS\system32\mswsock.dll
0x00007fff29230000 - 0x00007fff292fc000 	C:\WINDOWS\SYSTEM32\DNSAPI.dll
0x00007fff291e0000 - 0x00007fff2921b000 	C:\WINDOWS\SYSTEM32\IPHLPAPI.DLL
0x00007fff2bf50000 - 0x00007fff2bf58000 	C:\WINDOWS\System32\NSI.dll
0x00007fff1d790000 - 0x00007fff1d79a000 	C:\Windows\System32\rasadhlp.dll
0x00007fff1da60000 - 0x00007fff1dadf000 	C:\WINDOWS\System32\fwpuclnt.dll
0x00007fff2a550000 - 0x00007fff2a577000 	C:\WINDOWS\System32\bcrypt.dll
0x000000006a210000 - 0x000000006a234000 	C:\Program Files\Java\jre1.8.0_151\bin\sunec.dll
0x00007fff1f5b0000 - 0x00007fff1f5c7000 	C:\WINDOWS\SYSTEM32\dhcpcsvc6.DLL
0x00007fff1f590000 - 0x00007fff1f5ad000 	C:\WINDOWS\SYSTEM32\dhcpcsvc.DLL
0x000000006a240000 - 0x000000006a251000 	C:\Program Files\Java\jre1.8.0_151\bin\nio.dll
0x00007fff29a90000 - 0x00007fff29aa8000 	C:\WINDOWS\SYSTEM32\CRYPTSP.dll
0x00007fff28e50000 - 0x00007fff28e84000 	C:\WINDOWS\system32\rsaenh.dll
0x00007fff29cc0000 - 0x00007fff29cee000 	C:\WINDOWS\SYSTEM32\USERENV.dll
0x00007fff29f10000 - 0x00007fff29f93000 	C:\WINDOWS\System32\bcryptprimitives.dll
0x00007fff296b0000 - 0x00007fff296bc000 	C:\WINDOWS\SYSTEM32\CRYPTBASE.dll
0x000000006a350000 - 0x000000006a35b000 	C:\Program Files\Java\jre1.8.0_151\bin\sunmscapi.dll
0x00007fff2a050000 - 0x00007fff2a1af000 	C:\WINDOWS\System32\CRYPT32.dll
0x000000006a200000 - 0x000000006a20d000 	C:\Program Files\Java\jre1.8.0_151\bin\management.dll
0x00007fff0b480000 - 0x00007fff0b497000 	C:\WINDOWS\system32\napinsp.dll
0x00007fff09fb0000 - 0x00007fff09fcb000 	C:\WINDOWS\system32\pnrpnsp.dll
0x00007fff09e10000 - 0x00007fff09e25000 	C:\WINDOWS\system32\wshbth.dll
0x00007fff254b0000 - 0x00007fff254cd000 	C:\WINDOWS\system32\NLAapi.dll
0x00007fff09db0000 - 0x00007fff09dc2000 	C:\WINDOWS\System32\winrnr.dll

VM Arguments:
jvm_args: -ea -Dfile.encoding=Cp1252 
java_command: org.testng.remote.RemoteTestNG -serport 62280 -protocol json -d E:\Mindtree_Backup\Programs\Test\learningSpringBoot\learningSpringBoot\test-output C:\Users\Ivan\AppData\Local\Temp\testng-eclipse-1426650663\testng-customsuite.xml
java_class_path (initial): E:\eclipse-java-2019-03-R-win32-x86_64\eclipse\configuration\org.eclipse.osgi\668\0\.cp\lib\testng-remote.jar;E:\Mindtree_Backup\Programs\Test\learningSpringBoot\learningSpringBoot\target\test-classes;E:\Mindtree_Backup\Programs\Test\learningSpringBoot\learningSpringBoot\target\classes;C:\Users\Ivan\.m2\repository\org\springframework\boot\spring-boot-starter\2.5.4\spring-boot-starter-2.5.4.jar;C:\Users\Ivan\.m2\repository\org\springframework\boot\spring-boot\2.5.4\spring-boot-2.5.4.jar;C:\Users\Ivan\.m2\repository\org\springframework\spring-context\5.3.9\spring-context-5.3.9.jar;C:\Users\Ivan\.m2\repository\org\springframework\spring-aop\5.3.9\spring-aop-5.3.9.jar;C:\Users\Ivan\.m2\repository\org\springframework\spring-beans\5.3.9\spring-beans-5.3.9.jar;C:\Users\Ivan\.m2\repository\org\springframework\spring-expression\5.3.9\spring-expression-5.3.9.jar;C:\Users\Ivan\.m2\repository\org\springframework\boot\spring-boot-autoconfigure\2.5.4\spring-boot-autoconfigure-2.5.4.jar;C:\Users\Ivan\.m2\repository\org\springframework\boot\spring-boot-starter-logging\2.5.4\spring-boot-starter-logging-2.5.4.jar;C:\Users\Ivan\.m2\repository\ch\qos\logback\logback-classic\1.2.5\logback-classic-1.2.5.jar;C:\Users\Ivan\.m2\repository\ch\qos\logback\logback-core\1.2.5\logback-core-1.2.5.jar;C:\Users\Ivan\.m2\repository\org\apache\logging\log4j\log4j-to-slf4j\2.14.1\log4j-to-slf4j-2.14.1.jar;C:\Users\Ivan\.m2\repository\org\apache\logging\log4j\log4j-api\2.14.1\log4j-api-2.14.1.jar;C:\Users\Ivan\.m2\repository\org\slf4j\jul-to-slf4j\1.7.32\jul-to-slf4j-1.7.32.jar;C:\Users\Ivan\.m2\repository\jakarta\annotation\jakarta.annotation-api\1.3.5\jakarta.annotation-api-1.3.5.jar;C:\Users\Ivan\.m2\repository\org\springframework\spring-core\5.3.9\spring-core-5.3.9.jar;C:\Users\Ivan\.m2\repository\org\springframework\spring-jcl\5.3.9\spring-jcl-5.3.9.jar;C:\Users\Ivan\.m2\repository\org\yaml\snakeyaml\1.28\snakeyaml-1.28.jar;C:\Users\Ivan\.m2\repository\org\springframew
Launcher Type: SUN_STANDARD

Environment Variables:
JAVA_HOME=C:\Program Files\Java\jdk1.8.0_151
PATH=C:/Program Files/Java/jre1.8.0_151/bin/server;C:/Program Files/Java/jre1.8.0_151/bin;C:/Program Files/Java/jre1.8.0_151/lib/amd64;C:\Program Files\Common Files\Oracle\Java\javapath;C:\ProgramData\Oracle\Java\javapath;C:\WINDOWS\system32;C:\WINDOWS;C:\WINDOWS\System32\Wbem;C:\WINDOWS\System32\WindowsPowerShell\v1.0\;C:\WINDOWS\System32\OpenSSH\;C:\Program Files (x86)\HP\Common\HPDestPlgIn\;C:\Android;C:\Windows\System32;%JAVA_HOME%\bin;C:\Program Files\Git\cmd;C:\Program Files\PuTTY\;C:\ProgramData\chocolatey\bin;C:\Program Files\apache-maven-3.8.2\bin;;C:\Program Files\nodejs\;C:\Program Files\dotnet\;C:\Program Files\Docker\Docker\resources\bin;C:\ProgramData\DockerDesktop\version-bin;C:\Users\Ivan\AppData\Local\Programs\Python\Python39\Scripts\;C:\Users\Ivan\AppData\Local\Programs\Python\Python39\;C:\Users\Ivan\AppData\Local\Microsoft\WindowsApps;C:\Users\Ivan\AppData\Local\Programs\Microsoft VS Code\bin;C:\Users\Ivan\AppData\Roaming\npm;C:\Users\Ivan\.dotnet\tools;C:\Program Files\JetBrains\IntelliJ IDEA Community Edition 2021.2.1\bin;E:\eclipse-java-2019-03-R-win32-x86_64\eclipse;
USERNAME=Ivan
OS=Windows_NT
PROCESSOR_IDENTIFIER=Intel64 Family 6 Model 69 Stepping 1, GenuineIntel



---------------  S Y S T E M  ---------------

OS: Windows 10.0 , 64 bit Build 19041 (10.0.19041.1151)

CPU:total 4 (initial active 4) (2 cores per cpu, 2 threads per core) family 6 model 69 stepping 1, cmov, cx8, fxsr, mmx, sse, sse2, sse3, ssse3, sse4.1, sse4.2, popcnt, avx, avx2, aes, clmul, erms, lzcnt, ht, tsc, tscinvbit, bmi1, bmi2

Memory: 4k page, physical 8283244k(1669136k free), swap 12514256k(5712k free)

vm_info: Java HotSpot(TM) 64-Bit Server VM (25.151-b12) for windows-amd64 JRE (1.8.0_151-b12), built on Sep  5 2017 19:33:46 by "java_re" with MS VC++ 10.0 (VS2010)

time: Fri Sep 10 14:49:09 2021
elapsed time: 6 seconds (0d 0h 0m 6s)

