#
# There is insufficient memory for the Java Runtime Environment to continue.
# Native memory allocation (malloc) failed to allocate 186176 bytes for Chunk::new
# Possible reasons:
#   The system is out of physical RAM or swap space
#   In 32 bit mode, the process size limit was hit
# Possible solutions:
#   Reduce memory load on the system
#   Increase physical memory or swap space
#   Check if swap backing store is full
#   Use 64 bit Java on a 64 bit OS
#   Decrease Java heap size (-Xmx/-Xms)
#   Decrease number of Java threads
#   Decrease Java thread stack sizes (-Xss)
#   Set larger code cache with -XX:ReservedCodeCacheSize=
# This output file may be truncated or incomplete.
#
#  Out of Memory Error (allocation.cpp:390), pid=2216, tid=0x0000000000002f1c
#
# JRE version: Java(TM) SE Runtime Environment (8.0_151-b12) (build 1.8.0_151-b12)
# Java VM: Java HotSpot(TM) 64-Bit Server VM (25.151-b12 mixed mode windows-amd64 compressed oops)
# Failed to write core dump. Minidumps are not enabled by default on client versions of Windows
#

---------------  T H R E A D  ---------------

Current thread (0x0000000017411000):  JavaThread "C2 CompilerThread0" daemon [_thread_in_native, id=12060, stack(0x0000000018a70000,0x0000000018b70000)]

Stack: [0x0000000018a70000,0x0000000018b70000]
[error occurred during error reporting (printing stack bounds), id 0xc0000005]

Native frames: (J=compiled Java code, j=interpreted, Vv=VM code, C=native code)


Current CompileTask:
C2:  28377 4677   !   4       sun.misc.URLClassPath$JarLoader::getResource (85 bytes)


---------------  P R O C E S S  ---------------

Java Threads: ( => current thread )
  0x000000001ab2e800 JavaThread "Thread-5" [_thread_in_native, id=11576, stack(0x0000000020bb0000,0x0000000020cb0000)]
  0x000000001a5d5000 JavaThread "Thread-4" [_thread_in_native, id=16704, stack(0x0000000020ab0000,0x0000000020bb0000)]
  0x000000001e081000 JavaThread "Thread-3" [_thread_blocked, id=16032, stack(0x00000000209b0000,0x0000000020ab0000)]
  0x000000001a545000 JavaThread "ThreadedStreamConsumer" daemon [_thread_blocked, id=13460, stack(0x0000000020790000,0x0000000020890000)]
  0x0000000019537800 JavaThread "ping-timer-10s" daemon [_thread_blocked, id=17252, stack(0x0000000020690000,0x0000000020790000)]
  0x00000000193c6800 JavaThread "timeout-check-timer" daemon [_thread_blocked, id=12308, stack(0x0000000020590000,0x0000000020690000)]
  0x00000000196f1800 JavaThread "resolver-5" daemon [_thread_blocked, id=10568, stack(0x0000000020290000,0x0000000020390000)]
  0x000000001aa95000 JavaThread "resolver-4" daemon [_thread_blocked, id=4108, stack(0x0000000020190000,0x0000000020290000)]
  0x0000000018f01000 JavaThread "resolver-3" daemon [_thread_blocked, id=9232, stack(0x000000001f010000,0x000000001f110000)]
  0x000000001916e000 JavaThread "resolver-2" daemon [_thread_blocked, id=4192, stack(0x000000001ed60000,0x000000001ee60000)]
  0x000000001d21d000 JavaThread "resolver-1" daemon [_thread_blocked, id=17156, stack(0x000000001e920000,0x000000001ea20000)]
  0x0000000018d98800 JavaThread "Service Thread" daemon [_thread_blocked, id=10476, stack(0x0000000019170000,0x0000000019270000)]
  0x000000001741a800 JavaThread "C1 CompilerThread2" daemon [_thread_blocked, id=17200, stack(0x0000000018c70000,0x0000000018d70000)]
  0x0000000017414000 JavaThread "C2 CompilerThread1" daemon [_thread_blocked, id=14884, stack(0x0000000018b70000,0x0000000018c70000)]
=>0x0000000017411000 JavaThread "C2 CompilerThread0" daemon [_thread_in_native, id=12060, stack(0x0000000018a70000,0x0000000018b70000)]
  0x0000000017410000 JavaThread "Attach Listener" daemon [_thread_blocked, id=12560, stack(0x0000000018970000,0x0000000018a70000)]
  0x000000001740c000 JavaThread "Signal Dispatcher" daemon [_thread_blocked, id=10640, stack(0x0000000018870000,0x0000000018970000)]
  0x00000000028b9800 JavaThread "Finalizer" daemon [_thread_blocked, id=9808, stack(0x0000000018670000,0x0000000018770000)]
  0x00000000028b3000 JavaThread "Reference Handler" daemon [_thread_blocked, id=7828, stack(0x0000000018570000,0x0000000018670000)]
  0x0000000000e8e000 JavaThread "main" [_thread_in_native, id=14712, stack(0x00000000026c0000,0x00000000027c0000)]

Other Threads:
  0x00000000173d7800 VMThread [stack: 0x0000000018470000,0x0000000018570000] [id=16508]
  0x0000000018da4000 WatcherThread [stack: 0x0000000019270000,0x0000000019370000] [id=8088]

VM state:not at safepoint (normal execution)

VM Mutex/Monitor currently owned by a thread: None

Heap:
 PSYoungGen      total 143360K, used 52369K [0x00000000d5d80000, 0x00000000e4400000, 0x0000000100000000)
  eden space 132608K, 31% used [0x00000000d5d80000,0x00000000d8629630,0x00000000ddf00000)
  from space 10752K, 99% used [0x00000000ddf00000,0x00000000de97afb0,0x00000000de980000)
  to   space 17920K, 0% used [0x00000000e3280000,0x00000000e3280000,0x00000000e4400000)
 ParOldGen       total 69632K, used 27625K [0x0000000081800000, 0x0000000085c00000, 0x00000000d5d80000)
  object space 69632K, 39% used [0x0000000081800000,0x00000000832fa6a8,0x0000000085c00000)
 Metaspace       used 25650K, capacity 26232K, committed 26496K, reserved 1073152K
  class space    used 2947K, capacity 3107K, committed 3200K, reserved 1048576K

Card table byte_map: [0x0000000011c80000,0x0000000012080000] byte_map_base: 0x0000000011874000

Marking Bits: (ParMarkBitMap*) 0x00000000692fd850
 Begin Bits: [0x0000000012730000, 0x00000000146d0000)
 End Bits:   [0x00000000146d0000, 0x0000000016670000)

Polling page: 0x0000000000e90000

CodeCache: size=245760Kb used=15103Kb max_used=15610Kb free=230656Kb
 bounds [0x00000000028c0000, 0x0000000003820000, 0x00000000118c0000]
 total_blobs=4633 nmethods=4197 adapters=348
 compilation: enabled

Compilation events (10 events):
Event: 27.914 Thread 0x000000001741a800 4673       3       java.util.concurrent.locks.AbstractQueuedSynchronizer::setHead (16 bytes)
Event: 27.914 Thread 0x000000001741a800 nmethod 4673 0x00000000030b84d0 code [0x00000000030b8620, 0x00000000030b87d0]
Event: 27.917 Thread 0x0000000017411000 nmethod 4671 0x0000000002c736d0 code [0x0000000002c73820, 0x0000000002c73a38]
Event: 28.187 Thread 0x0000000017414000 4675       4       java.util.concurrent.locks.ReentrantLock$Sync::isHeldExclusively (16 bytes)
Event: 28.188 Thread 0x0000000017414000 nmethod 4675 0x0000000002b7c710 code [0x0000000002b7c840, 0x0000000002b7c8b8]
Event: 28.228 Thread 0x000000001741a800 4676       1       java.io.OutputStream::flush (1 bytes)
Event: 28.228 Thread 0x000000001741a800 nmethod 4676 0x0000000002c614d0 code [0x0000000002c61620, 0x0000000002c61730]
Event: 28.348 Thread 0x0000000017411000 4677   !   4       sun.misc.URLClassPath$JarLoader::getResource (85 bytes)
Event: 28.356 Thread 0x000000001741a800 4678       1       org.fusesource.jansi.Ansi$Attribute::value (5 bytes)
Event: 28.357 Thread 0x000000001741a800 nmethod 4678 0x0000000002c61210 code [0x0000000002c61360, 0x0000000002c61470]

GC Heap History (10 events):
Event: 3.220 GC heap before
{Heap before GC invocations=4 (full 0):
 PSYoungGen      total 38400K, used 38374K [0x00000000d5d80000, 0x00000000da880000, 0x0000000100000000)
  eden space 33280K, 100% used [0x00000000d5d80000,0x00000000d7e00000,0x00000000d7e00000)
  from space 5120K, 99% used [0x00000000d7e00000,0x00000000d82f9ba0,0x00000000d8300000)
  to   space 5120K, 0% used [0x00000000da380000,0x00000000da380000,0x00000000da880000)
 ParOldGen       total 87552K, used 6595K [0x0000000081800000, 0x0000000086d80000, 0x00000000d5d80000)
  object space 87552K, 7% used [0x0000000081800000,0x0000000081e70c20,0x0000000086d80000)
 Metaspace       used 15519K, capacity 15732K, committed 16128K, reserved 1062912K
  class space    used 1847K, capacity 1942K, committed 2048K, reserved 1048576K
Event: 3.236 GC heap after
Heap after GC invocations=4 (full 0):
 PSYoungGen      total 71680K, used 5104K [0x00000000d5d80000, 0x00000000da880000, 0x0000000100000000)
  eden space 66560K, 0% used [0x00000000d5d80000,0x00000000d5d80000,0x00000000d9e80000)
  from space 5120K, 99% used [0x00000000da380000,0x00000000da87c030,0x00000000da880000)
  to   space 5120K, 0% used [0x00000000d9e80000,0x00000000d9e80000,0x00000000da380000)
 ParOldGen       total 87552K, used 9478K [0x0000000081800000, 0x0000000086d80000, 0x00000000d5d80000)
  object space 87552K, 10% used [0x0000000081800000,0x0000000082141a18,0x0000000086d80000)
 Metaspace       used 15519K, capacity 15732K, committed 16128K, reserved 1062912K
  class space    used 1847K, capacity 1942K, committed 2048K, reserved 1048576K
}
Event: 4.364 GC heap before
{Heap before GC invocations=5 (full 0):
 PSYoungGen      total 71680K, used 71664K [0x00000000d5d80000, 0x00000000da880000, 0x0000000100000000)
  eden space 66560K, 100% used [0x00000000d5d80000,0x00000000d9e80000,0x00000000d9e80000)
  from space 5120K, 99% used [0x00000000da380000,0x00000000da87c030,0x00000000da880000)
  to   space 5120K, 0% used [0x00000000d9e80000,0x00000000d9e80000,0x00000000da380000)
 ParOldGen       total 87552K, used 9478K [0x0000000081800000, 0x0000000086d80000, 0x00000000d5d80000)
  object space 87552K, 10% used [0x0000000081800000,0x0000000082141a18,0x0000000086d80000)
 Metaspace       used 16823K, capacity 17218K, committed 17536K, reserved 1064960K
  class space    used 1961K, capacity 2087K, committed 2176K, reserved 1048576K
Event: 4.385 GC heap after
Heap after GC invocations=5 (full 0):
 PSYoungGen      total 71680K, used 5104K [0x00000000d5d80000, 0x00000000df380000, 0x0000000100000000)
  eden space 66560K, 0% used [0x00000000d5d80000,0x00000000d5d80000,0x00000000d9e80000)
  from space 5120K, 99% used [0x00000000d9e80000,0x00000000da37c030,0x00000000da380000)
  to   space 10240K, 0% used [0x00000000de980000,0x00000000de980000,0x00000000df380000)
 ParOldGen       total 87552K, used 13149K [0x0000000081800000, 0x0000000086d80000, 0x00000000d5d80000)
  object space 87552K, 15% used [0x0000000081800000,0x00000000824d7560,0x0000000086d80000)
 Metaspace       used 16823K, capacity 17218K, committed 17536K, reserved 1064960K
  class space    used 1961K, capacity 2087K, committed 2176K, reserved 1048576K
}
Event: 6.157 GC heap before
{Heap before GC invocations=6 (full 0):
 PSYoungGen      total 71680K, used 66092K [0x00000000d5d80000, 0x00000000df380000, 0x0000000100000000)
  eden space 66560K, 91% used [0x00000000d5d80000,0x00000000d990f1f8,0x00000000d9e80000)
  from space 5120K, 99% used [0x00000000d9e80000,0x00000000da37c030,0x00000000da380000)
  to   space 10240K, 0% used [0x00000000de980000,0x00000000de980000,0x00000000df380000)
 ParOldGen       total 87552K, used 13149K [0x0000000081800000, 0x0000000086d80000, 0x00000000d5d80000)
  object space 87552K, 15% used [0x0000000081800000,0x00000000824d7560,0x0000000086d80000)
 Metaspace       used 20576K, capacity 21088K, committed 21296K, reserved 1069056K
  class space    used 2434K, capacity 2592K, committed 2688K, reserved 1048576K
Event: 6.210 GC heap after
Heap after GC invocations=6 (full 0):
 PSYoungGen      total 142848K, used 9055K [0x00000000d5d80000, 0x00000000df480000, 0x0000000100000000)
  eden space 132608K, 0% used [0x00000000d5d80000,0x00000000d5d80000,0x00000000ddf00000)
  from space 10240K, 88% used [0x00000000de980000,0x00000000df257f78,0x00000000df380000)
  to   space 10752K, 0% used [0x00000000ddf00000,0x00000000ddf00000,0x00000000de980000)
 ParOldGen       total 87552K, used 13149K [0x0000000081800000, 0x0000000086d80000, 0x00000000d5d80000)
  object space 87552K, 15% used [0x0000000081800000,0x00000000824d7560,0x0000000086d80000)
 Metaspace       used 20576K, capacity 21088K, committed 21296K, reserved 1069056K
  class space    used 2434K, capacity 2592K, committed 2688K, reserved 1048576K
}
Event: 6.210 GC heap before
{Heap before GC invocations=7 (full 1):
 PSYoungGen      total 142848K, used 9055K [0x00000000d5d80000, 0x00000000df480000, 0x0000000100000000)
  eden space 132608K, 0% used [0x00000000d5d80000,0x00000000d5d80000,0x00000000ddf00000)
  from space 10240K, 88% used [0x00000000de980000,0x00000000df257f78,0x00000000df380000)
  to   space 10752K, 0% used [0x00000000ddf00000,0x00000000ddf00000,0x00000000de980000)
 ParOldGen       total 87552K, used 13149K [0x0000000081800000, 0x0000000086d80000, 0x00000000d5d80000)
  object space 87552K, 15% used [0x0000000081800000,0x00000000824d7560,0x0000000086d80000)
 Metaspace       used 20576K, capacity 21088K, committed 21296K, reserved 1069056K
  class space    used 2434K, capacity 2592K, committed 2688K, reserved 1048576K
Event: 6.322 GC heap after
Heap after GC invocations=7 (full 1):
 PSYoungGen      total 142848K, used 0K [0x00000000d5d80000, 0x00000000df480000, 0x0000000100000000)
  eden space 132608K, 0% used [0x00000000d5d80000,0x00000000d5d80000,0x00000000ddf00000)
  from space 10240K, 0% used [0x00000000de980000,0x00000000de980000,0x00000000df380000)
  to   space 10752K, 0% used [0x00000000ddf00000,0x00000000ddf00000,0x00000000de980000)
 ParOldGen       total 69632K, used 15344K [0x0000000081800000, 0x0000000085c00000, 0x00000000d5d80000)
  object space 69632K, 22% used [0x0000000081800000,0x00000000826fc328,0x0000000085c00000)
 Metaspace       used 20576K, capacity 21088K, committed 21296K, reserved 1069056K
  class space    used 2434K, capacity 2592K, committed 2688K, reserved 1048576K
}
Event: 9.441 GC heap before
{Heap before GC invocations=8 (full 1):
 PSYoungGen      total 142848K, used 132608K [0x00000000d5d80000, 0x00000000df480000, 0x0000000100000000)
  eden space 132608K, 100% used [0x00000000d5d80000,0x00000000ddf00000,0x00000000ddf00000)
  from space 10240K, 0% used [0x00000000de980000,0x00000000de980000,0x00000000df380000)
  to   space 10752K, 0% used [0x00000000ddf00000,0x00000000ddf00000,0x00000000de980000)
 ParOldGen       total 69632K, used 15344K [0x0000000081800000, 0x0000000085c00000, 0x00000000d5d80000)
  object space 69632K, 22% used [0x0000000081800000,0x00000000826fc328,0x0000000085c00000)
 Metaspace       used 24716K, capacity 25304K, committed 25600K, reserved 1071104K
  class space    used 2863K, capacity 3011K, committed 3072K, reserved 1048576K
Event: 9.490 GC heap after
Heap after GC invocations=8 (full 1):
 PSYoungGen      total 143360K, used 10731K [0x00000000d5d80000, 0x00000000e4400000, 0x0000000100000000)
  eden space 132608K, 0% used [0x00000000d5d80000,0x00000000d5d80000,0x00000000ddf00000)
  from space 10752K, 99% used [0x00000000ddf00000,0x00000000de97afb0,0x00000000de980000)
  to   space 17920K, 0% used [0x00000000e3280000,0x00000000e3280000,0x00000000e4400000)
 ParOldGen       total 69632K, used 27625K [0x0000000081800000, 0x0000000085c00000, 0x00000000d5d80000)
  object space 69632K, 39% used [0x0000000081800000,0x00000000832fa6a8,0x0000000085c00000)
 Metaspace       used 24716K, capacity 25304K, committed 25600K, reserved 1071104K
  class space    used 2863K, capacity 3011K, committed 3072K, reserved 1048576K
}

Deoptimization events (10 events):
Event: 9.938 Thread 0x0000000000e8e000 Uncommon trap: reason=class_check action=maybe_recompile pc=0x0000000002fc0400 method=java.util.Collections$UnmodifiableMap$UnmodifiableEntrySet$UnmodifiableEntry.getValue()Ljava/lang/Object; @ 4
Event: 9.938 Thread 0x0000000000e8e000 Uncommon trap: reason=class_check action=maybe_recompile pc=0x0000000002fa3d8c method=java.util.Collections$UnmodifiableMap$UnmodifiableEntrySet$1.hasNext()Z @ 4
Event: 9.938 Thread 0x0000000000e8e000 Uncommon trap: reason=class_check action=maybe_recompile pc=0x0000000002fb0df0 method=java.util.Collections$UnmodifiableMap$UnmodifiableEntrySet$1.next()Ljava/util/Map$Entry; @ 8
Event: 9.938 Thread 0x0000000000e8e000 Uncommon trap: reason=class_check action=maybe_recompile pc=0x0000000002fa4100 method=java.util.Collections$UnmodifiableMap$UnmodifiableEntrySet$UnmodifiableEntry.getKey()Ljava/lang/Object; @ 4
Event: 9.938 Thread 0x0000000000e8e000 Uncommon trap: reason=class_check action=maybe_recompile pc=0x0000000002fc0400 method=java.util.Collections$UnmodifiableMap$UnmodifiableEntrySet$UnmodifiableEntry.getValue()Ljava/lang/Object; @ 4
Event: 9.938 Thread 0x0000000000e8e000 Uncommon trap: reason=class_check action=maybe_recompile pc=0x0000000002fa3d8c method=java.util.Collections$UnmodifiableMap$UnmodifiableEntrySet$1.hasNext()Z @ 4
Event: 9.938 Thread 0x0000000000e8e000 Uncommon trap: reason=class_check action=maybe_recompile pc=0x0000000002fb0df0 method=java.util.Collections$UnmodifiableMap$UnmodifiableEntrySet$1.next()Ljava/util/Map$Entry; @ 8
Event: 9.938 Thread 0x0000000000e8e000 Uncommon trap: reason=class_check action=maybe_recompile pc=0x0000000002fa4100 method=java.util.Collections$UnmodifiableMap$UnmodifiableEntrySet$UnmodifiableEntry.getKey()Ljava/lang/Object; @ 4
Event: 9.938 Thread 0x0000000000e8e000 Uncommon trap: reason=class_check action=maybe_recompile pc=0x0000000002fc0400 method=java.util.Collections$UnmodifiableMap$UnmodifiableEntrySet$UnmodifiableEntry.getValue()Ljava/lang/Object; @ 4
Event: 10.636 Thread 0x000000001a545000 Uncommon trap: reason=null_check action=make_not_entrant pc=0x00000000035e51d4 method=java.lang.StringCoding.deref(Ljava/lang/ThreadLocal;)Ljava/lang/Object; @ 4

Internal exceptions (10 events):
Event: 7.779 Thread 0x0000000000e8e000 Exception <a 'java/io/FileNotFoundException'> (0x00000000d9fb1da0) thrown at [C:\re\workspace\8-2-build-windows-amd64-cygwin\jdk8u151\9699\hotspot\src\share\vm\prims\jni.cpp, line 709]
Event: 7.780 Thread 0x0000000000e8e000 Exception <a 'java/io/FileNotFoundException'> (0x00000000d9fb38a0) thrown at [C:\re\workspace\8-2-build-windows-amd64-cygwin\jdk8u151\9699\hotspot\src\share\vm\prims\jni.cpp, line 709]
Event: 8.839 Thread 0x0000000000e8e000 Exception <a 'java/lang/NoSuchMethodError': org.apache.maven.execution.MavenExecutionRequest.getFailureBehavior()Ljava/lang/String;> (0x00000000dc689018) thrown at [C:\re\workspace\8-2-build-windows-amd64-cygwin\jdk8u151\9699\hotspot\src\share\vm\interpre
Event: 8.882 Thread 0x0000000000e8e000 Implicit null exception at 0x0000000002f81ca0 to 0x0000000002f81d11
Event: 8.882 Thread 0x0000000000e8e000 Implicit null exception at 0x0000000002f7e230 to 0x0000000002f7e281
Event: 10.636 Thread 0x000000001a545000 Implicit null exception at 0x00000000035e4901 to 0x00000000035e51b9
Event: 28.349 Thread 0x000000001a545000 Exception <a 'java/lang/OutOfMemoryError'> (0x00000000d8513f68) thrown at [C:\re\workspace\8-2-build-windows-amd64-cygwin\jdk8u151\9699\hotspot\src\share\vm\prims\jni.cpp, line 735]
Event: 28.349 Thread 0x000000001a545000 Exception <a 'java/lang/OutOfMemoryError'> (0x00000000d8513f68) thrown at [C:\re\workspace\8-2-build-windows-amd64-cygwin\jdk8u151\9699\hotspot\src\share\vm\prims\jvm.cpp, line 1394]
Event: 28.350 Thread 0x000000001a545000 Exception <a 'java/lang/OutOfMemoryError'> (0x00000000d8522f40) thrown at [C:\re\workspace\8-2-build-windows-amd64-cygwin\jdk8u151\9699\hotspot\src\share\vm\prims\jni.cpp, line 735]
Event: 28.350 Thread 0x000000001a545000 Exception <a 'java/lang/OutOfMemoryError'> (0x00000000d8522f40) thrown at [C:\re\workspace\8-2-build-windows-amd64-cygwin\jdk8u151\9699\hotspot\src\share\vm\prims\jvm.cpp, line 1394]

Events (10 events):
Event: 28.350 loading class org/apache/maven/plugin/surefire/booterclient/output/InPluginProcessDumpSingleton
Event: 28.350 loading class org/apache/maven/plugin/surefire/booterclient/output/InPluginProcessDumpSingleton done
Event: 28.350 loading class org/apache/maven/plugin/surefire/booterclient/output/InPluginProcessDumpSingleton
Event: 28.350 loading class org/apache/maven/plugin/surefire/booterclient/output/InPluginProcessDumpSingleton done
Event: 28.350 loading class org/apache/maven/plugin/surefire/booterclient/output/InPluginProcessDumpSingleton
Event: 28.350 loading class org/apache/maven/plugin/surefire/booterclient/output/InPluginProcessDumpSingleton done
Event: 28.355 loading class java/lang/Throwable$WrappedPrintWriter
Event: 28.355 loading class java/lang/Throwable$PrintStreamOrWriter
Event: 28.355 loading class java/lang/Throwable$PrintStreamOrWriter done
Event: 28.355 loading class java/lang/Throwable$WrappedPrintWriter done


Dynamic libraries:
0x00007ff62ecd0000 - 0x00007ff62ed07000 	C:\Program Files\Java\jdk1.8.0_151\bin\java.exe
0x00007fff2c690000 - 0x00007fff2c885000 	C:\WINDOWS\SYSTEM32\ntdll.dll
0x00007fff2ba00000 - 0x00007fff2babd000 	C:\WINDOWS\System32\KERNEL32.DLL
0x00007fff2a1b0000 - 0x00007fff2a479000 	C:\WINDOWS\System32\KERNELBASE.dll
0x00007fff2b940000 - 0x00007fff2b9ec000 	C:\WINDOWS\System32\ADVAPI32.dll
0x00007fff2bcb0000 - 0x00007fff2bd4e000 	C:\WINDOWS\System32\msvcrt.dll
0x00007fff2bac0000 - 0x00007fff2bb5b000 	C:\WINDOWS\System32\sechost.dll
0x00007fff2a850000 - 0x00007fff2a97a000 	C:\WINDOWS\System32\RPCRT4.dll
0x00007fff2bdb0000 - 0x00007fff2bf50000 	C:\WINDOWS\System32\USER32.dll
0x00007fff2a480000 - 0x00007fff2a4a2000 	C:\WINDOWS\System32\win32u.dll
0x00007fff2bbd0000 - 0x00007fff2bbfa000 	C:\WINDOWS\System32\GDI32.dll
0x00007fff2a5e0000 - 0x00007fff2a6eb000 	C:\WINDOWS\System32\gdi32full.dll
0x00007fff2a4b0000 - 0x00007fff2a54d000 	C:\WINDOWS\System32\msvcp_win.dll
0x00007fff29dc0000 - 0x00007fff29ec0000 	C:\WINDOWS\System32\ucrtbase.dll
0x00007fff15400000 - 0x00007fff1569a000 	C:\WINDOWS\WinSxS\amd64_microsoft.windows.common-controls_6595b64144ccf1df_6.0.19041.1110_none_60b5254171f9507e\COMCTL32.dll
0x00007fff2aa60000 - 0x00007fff2aa90000 	C:\WINDOWS\System32\IMM32.DLL
0x000000006a270000 - 0x000000006a342000 	C:\Program Files\Java\jdk1.8.0_151\jre\bin\msvcr100.dll
0x0000000068ae0000 - 0x000000006937d000 	C:\Program Files\Java\jdk1.8.0_151\jre\bin\server\jvm.dll
0x00007fff2b9f0000 - 0x00007fff2b9f8000 	C:\WINDOWS\System32\PSAPI.DLL
0x00007fff0b470000 - 0x00007fff0b479000 	C:\WINDOWS\SYSTEM32\WSOCK32.dll
0x00007fff16a60000 - 0x00007fff16a87000 	C:\WINDOWS\SYSTEM32\WINMM.dll
0x00007fff1d350000 - 0x00007fff1d35a000 	C:\WINDOWS\SYSTEM32\VERSION.dll
0x00007fff2bb60000 - 0x00007fff2bbcb000 	C:\WINDOWS\System32\WS2_32.dll
0x000000006a260000 - 0x000000006a26f000 	C:\Program Files\Java\jdk1.8.0_151\jre\bin\verify.dll
0x000000006a230000 - 0x000000006a259000 	C:\Program Files\Java\jdk1.8.0_151\jre\bin\java.dll
0x000000006a210000 - 0x000000006a226000 	C:\Program Files\Java\jdk1.8.0_151\jre\bin\zip.dll
0x00007fff2ad00000 - 0x00007fff2b43f000 	C:\WINDOWS\System32\SHELL32.dll
0x00007fff27e90000 - 0x00007fff28620000 	C:\WINDOWS\SYSTEM32\windows.storage.dll
0x00007fff2c2f0000 - 0x00007fff2c645000 	C:\WINDOWS\System32\combase.dll
0x00007fff29740000 - 0x00007fff2976c000 	C:\WINDOWS\SYSTEM32\Wldp.dll
0x00007fff2a7a0000 - 0x00007fff2a84e000 	C:\WINDOWS\System32\SHCORE.dll
0x00007fff2ac40000 - 0x00007fff2ac95000 	C:\WINDOWS\System32\shlwapi.dll
0x00007fff29d00000 - 0x00007fff29d1f000 	C:\WINDOWS\SYSTEM32\profapi.dll
0x0000000069ac0000 - 0x0000000069ae4000 	C:\Users\Ivan\AppData\Local\Temp\jansi-2.3.4-634fdf845c0db041-jansi.dll
0x000000006a1f0000 - 0x000000006a20a000 	C:\Program Files\Java\jdk1.8.0_151\jre\bin\net.dll
0x00007fff29520000 - 0x00007fff2958a000 	C:\WINDOWS\system32\mswsock.dll
0x000000006a1d0000 - 0x000000006a1e1000 	C:\Program Files\Java\jdk1.8.0_151\jre\bin\nio.dll
0x0000000069770000 - 0x000000006977d000 	C:\Program Files\Java\jdk1.8.0_151\jre\bin\management.dll
0x00007fff0b480000 - 0x00007fff0b497000 	C:\WINDOWS\system32\napinsp.dll
0x00007fff09fb0000 - 0x00007fff09fcb000 	C:\WINDOWS\system32\pnrpnsp.dll
0x00007fff09e10000 - 0x00007fff09e25000 	C:\WINDOWS\system32\wshbth.dll
0x00007fff254b0000 - 0x00007fff254cd000 	C:\WINDOWS\system32\NLAapi.dll
0x00007fff291e0000 - 0x00007fff2921b000 	C:\WINDOWS\SYSTEM32\IPHLPAPI.DLL
0x00007fff29230000 - 0x00007fff292fc000 	C:\WINDOWS\SYSTEM32\DNSAPI.dll
0x00007fff2bf50000 - 0x00007fff2bf58000 	C:\WINDOWS\System32\NSI.dll
0x00007fff09db0000 - 0x00007fff09dc2000 	C:\WINDOWS\System32\winrnr.dll
0x00007fff1d790000 - 0x00007fff1d79a000 	C:\Windows\System32\rasadhlp.dll
0x00007fff1da60000 - 0x00007fff1dadf000 	C:\WINDOWS\System32\fwpuclnt.dll
0x00007fff2a550000 - 0x00007fff2a577000 	C:\WINDOWS\System32\bcrypt.dll
0x00007fff29a90000 - 0x00007fff29aa8000 	C:\WINDOWS\SYSTEM32\CRYPTSP.dll
0x00007fff28e50000 - 0x00007fff28e84000 	C:\WINDOWS\system32\rsaenh.dll
0x00007fff29cc0000 - 0x00007fff29cee000 	C:\WINDOWS\SYSTEM32\USERENV.dll
0x00007fff29f10000 - 0x00007fff29f93000 	C:\WINDOWS\System32\bcryptprimitives.dll
0x00007fff296b0000 - 0x00007fff296bc000 	C:\WINDOWS\SYSTEM32\CRYPTBASE.dll
0x00007fff1f5b0000 - 0x00007fff1f5c7000 	C:\WINDOWS\SYSTEM32\dhcpcsvc6.DLL
0x00007fff1f590000 - 0x00007fff1f5ad000 	C:\WINDOWS\SYSTEM32\dhcpcsvc.DLL

VM Arguments:
jvm_args: -Dclassworlds.conf=C:\Program Files\apache-maven-3.8.2\bin\m2.conf -Dmaven.home=C:\Program Files\apache-maven-3.8.2 -Dmaven.multiModuleProjectDirectory=E:\Mindtree_Backup\Programs\Test\learningSpringBoot\learningSpringBoot 
java_command: org.codehaus.plexus.classworlds.launcher.Launcher clean test -Dbrowser=FF
java_class_path (initial): C:\Program Files\apache-maven-3.8.2\boot\plexus-classworlds-2.6.0.jar
Launcher Type: SUN_STANDARD

Environment Variables:
JAVA_HOME=C:\Program Files\Java\jdk1.8.0_151
PATH=C:\Program Files\Common Files\Oracle\Java\javapath;C:\ProgramData\Oracle\Java\javapath;C:\WINDOWS\system32;C:\WINDOWS;C:\WINDOWS\System32\Wbem;C:\WINDOWS\System32\WindowsPowerShell\v1.0\;C:\WINDOWS\System32\OpenSSH\;C:\Program Files (x86)\HP\Common\HPDestPlgIn\;C:\Android;C:\Windows\System32;%JAVA_HOME%\bin;C:\Program Files\Git\cmd;C:\Program Files\PuTTY\;C:\ProgramData\chocolatey\bin;C:\Program Files\apache-maven-3.8.2\bin;;C:\Program Files\nodejs\;C:\Program Files\dotnet\;C:\Program Files\Docker\Docker\resources\bin;C:\ProgramData\DockerDesktop\version-bin;C:\Users\Ivan\AppData\Local\Programs\Python\Python39\Scripts\;C:\Users\Ivan\AppData\Local\Programs\Python\Python39\;C:\Users\Ivan\AppData\Local\Microsoft\WindowsApps;C:\Users\Ivan\AppData\Local\Programs\Microsoft VS Code\bin;C:\Users\Ivan\AppData\Roaming\npm;C:\Users\Ivan\.dotnet\tools;C:\Program Files\JetBrains\IntelliJ IDEA Community Edition 2021.2.1\bin
USERNAME=Ivan
OS=Windows_NT
PROCESSOR_IDENTIFIER=Intel64 Family 6 Model 69 Stepping 1, GenuineIntel



---------------  S Y S T E M  ---------------

OS: Windows 10.0 , 64 bit Build 19041 (10.0.19041.1151)

CPU:total 4 (initial active 4) (2 cores per cpu, 2 threads per core) family 6 model 69 stepping 1, cmov, cx8, fxsr, mmx, sse, sse2, sse3, ssse3, sse4.1, sse4.2, popcnt, avx, avx2, aes, clmul, erms, lzcnt, ht, tsc, tscinvbit, bmi1, bmi2

Memory: 4k page, physical 8283244k(1939156k free), swap 12098552k(3932k free)

vm_info: Java HotSpot(TM) 64-Bit Server VM (25.151-b12) for windows-amd64 JRE (1.8.0_151-b12), built on Sep  5 2017 19:33:46 by "java_re" with MS VC++ 10.0 (VS2010)

time: Fri Sep 10 11:53:04 2021
elapsed time: 28 seconds (0d 0h 0m 28s)

