#
# There is insufficient memory for the Java Runtime Environment to continue.
# Native memory allocation (malloc) failed to allocate 32744 bytes for ChunkPool::allocate
# Possible reasons:
#   The system is out of physical RAM or swap space
#   In 32 bit mode, the process size limit was hit
# Possible solutions:
#   Reduce memory load on the system
#   Increase physical memory or swap space
#   Check if swap backing store is full
#   Use 64 bit Java on a 64 bit OS
#   Decrease Java heap size (-Xmx/-Xms)
#   Decrease number of Java threads
#   Decrease Java thread stack sizes (-Xss)
#   Set larger code cache with -XX:ReservedCodeCacheSize=
# This output file may be truncated or incomplete.
#
#  Out of Memory Error (allocation.cpp:273), pid=10236, tid=0x00000000000043e0
#
# JRE version: Java(TM) SE Runtime Environment (8.0_151-b12) (build 1.8.0_151-b12)
# Java VM: Java HotSpot(TM) 64-Bit Server VM (25.151-b12 mixed mode windows-amd64 compressed oops)
# Failed to write core dump. Minidumps are not enabled by default on client versions of Windows
#

---------------  T H R E A D  ---------------

Current thread (0x000000000234e000):  JavaThread "main" [_thread_in_vm, id=17376, stack(0x0000000002350000,0x0000000002450000)]

Stack: [0x0000000002350000,0x0000000002450000]
[error occurred during error reporting (printing stack bounds), id 0xc0000005]

Native frames: (J=compiled Java code, j=interpreted, Vv=VM code, C=native code)

Java frames: (J=compiled Java code, j=interpreted, Vv=VM code)
J 722  java.lang.ClassLoader.defineClass1(Ljava/lang/String;[BIILjava/security/ProtectionDomain;Ljava/lang/String;)Ljava/lang/Class; (0 bytes) @ 0x000000000284929f [0x0000000002849200+0x9f]
J 502 C1 java.lang.ClassLoader.defineClass(Ljava/lang/String;[BIILjava/security/ProtectionDomain;)Ljava/lang/Class; (43 bytes) @ 0x00000000027cfca4 [0x00000000027cf6c0+0x5e4]
J 2577 C1 java.security.SecureClassLoader.defineClass(Ljava/lang/String;[BIILjava/security/CodeSource;)Ljava/lang/Class; (16 bytes) @ 0x0000000002dafa14 [0x0000000002daf8c0+0x154]
J 2487 C2 java.net.URLClassLoader$1.run()Ljava/lang/Object; (5 bytes) @ 0x0000000002d6ad40 [0x0000000002d68a40+0x2300]
v  ~StubRoutines::call_stub
J 202  java.security.AccessController.doPrivileged(Ljava/security/PrivilegedExceptionAction;Ljava/security/AccessControlContext;)Ljava/lang/Object; (0 bytes) @ 0x00000000026cb1a6 [0x00000000026cb140+0x66]
J 2010 C2 java.lang.ClassLoader.loadClass(Ljava/lang/String;Z)Ljava/lang/Class; (122 bytes) @ 0x0000000002bc4cf4 [0x0000000002bc4260+0xa94]
J 345 C1 sun.misc.Launcher$AppClassLoader.loadClass(Ljava/lang/String;Z)Ljava/lang/Class; (85 bytes) @ 0x00000000027297ac [0x0000000002728e00+0x9ac]
J 344 C1 java.lang.ClassLoader.loadClass(Ljava/lang/String;)Ljava/lang/Class; (7 bytes) @ 0x0000000002728a0c [0x0000000002728900+0x10c]
v  ~StubRoutines::call_stub
j  org.apache.maven.surefire.report.SmartStackTraceParser.getMinimalThrowableMiniMessage(Ljava/lang/Throwable;)Ljava/lang/String;+20
j  org.apache.maven.surefire.report.SmartStackTraceParser.getString()Ljava/lang/String;+345
j  org.apache.maven.surefire.report.PojoStackTraceWriter.smartTrimmedStackTrace()Ljava/lang/String;+31
j  org.apache.maven.surefire.booter.ForkingRunListener.encode(Ljava/lang/StringBuilder;Lorg/apache/maven/surefire/report/StackTraceWriter;Z)V+37
j  org.apache.maven.surefire.booter.ForkingRunListener.encode(Ljava/lang/StringBuilder;Lorg/apache/maven/surefire/report/StackTraceWriter;)V+6
j  org.apache.maven.surefire.booter.ForkingRunListener.toString(BLorg/apache/maven/surefire/report/ReportEntry;I)Ljava/lang/String;+121
j  org.apache.maven.surefire.booter.ForkingRunListener.testFailed(Lorg/apache/maven/surefire/report/ReportEntry;)V+9
j  org.apache.maven.surefire.testng.TestNGReporter.onTestFailure(Lorg/testng/ITestResult;)V+56
j  org.testng.internal.Invoker.runTestListeners(Lorg/testng/ITestResult;Ljava/util/List;)V+106
j  org.testng.internal.Invoker.runTestListeners(Lorg/testng/ITestResult;)V+10
j  org.testng.internal.Invoker.invokeMethod([Ljava/lang/Object;ILorg/testng/ITestNGMethod;[Ljava/lang/Object;ILorg/testng/xml/XmlSuite;Ljava/util/Map;Lorg/testng/ITestClass;[Lorg/testng/ITestNGMethod;[Lorg/testng/ITestNGMethod;Lorg/testng/internal/ConfigurationGroupMethods;)Lorg/testng/ITestResult;+544
j  org.testng.internal.Invoker.invokeTestMethod([Ljava/lang/Object;Lorg/testng/ITestNGMethod;[Ljava/lang/Object;ILorg/testng/xml/XmlSuite;Ljava/util/Map;Lorg/testng/ITestClass;[Lorg/testng/ITestNGMethod;[Lorg/testng/ITestNGMethod;Lorg/testng/internal/ConfigurationGroupMethods;)Ljava/util/List;+46
j  org.testng.internal.Invoker.invokeTestMethods(Lorg/testng/ITestNGMethod;[Lorg/testng/ITestNGMethod;ILorg/testng/xml/XmlSuite;Ljava/util/Map;Lorg/testng/internal/ConfigurationGroupMethods;[Ljava/lang/Object;Lorg/testng/ITestContext;)Ljava/util/List;+762
j  org.testng.internal.TestMethodWorker.invokeTestMethods(Lorg/testng/ITestNGMethod;[Ljava/lang/Object;Lorg/testng/ITestContext;)V+32
j  org.testng.internal.TestMethodWorker.run()V+60
j  org.testng.TestRunner.privateRun(Lorg/testng/xml/XmlTest;)V+356
j  org.testng.TestRunner.run()V+26
j  org.testng.SuiteRunner.runTest(Lorg/testng/TestRunner;)V+1
j  org.testng.SuiteRunner.runSequentially()V+31
j  org.testng.SuiteRunner.privateRun()V+281
j  org.testng.SuiteRunner.run()V+6
j  org.testng.SuiteRunnerWorker.runSuite(Lorg/testng/internal/SuiteRunnerMap;Lorg/testng/xml/XmlSuite;)V+89
j  org.testng.SuiteRunnerWorker.run()V+12
j  org.testng.TestNG.runSuitesSequentially(Lorg/testng/xml/XmlSuite;Lorg/testng/internal/SuiteRunnerMap;ILjava/lang/String;)V+66
j  org.testng.TestNG.runSuitesLocally()Ljava/util/List;+143
j  org.testng.TestNG.run()V+77
j  org.apache.maven.surefire.testng.TestNGExecutor.run(Ljava/lang/Iterable;Ljava/lang/String;Ljava/util/Map;Lorg/apache/maven/surefire/report/RunListener;Ljava/io/File;Lorg/apache/maven/surefire/testset/TestListResolver;Ljava/util/List;I)V+373
j  org.apache.maven.surefire.testng.TestNGDirectoryTestSuite.executeSingleClass(Lorg/apache/maven/surefire/report/RunListener;Ljava/lang/Class;)V+67
j  org.apache.maven.surefire.testng.TestNGDirectoryTestSuite.execute(Lorg/apache/maven/surefire/util/TestsToRun;Lorg/apache/maven/surefire/report/RunListener;)V+57
j  org.apache.maven.surefire.testng.TestNGProvider.invoke(Ljava/lang/Object;)Lorg/apache/maven/surefire/suite/RunResult;+179
j  org.apache.maven.surefire.booter.ForkedBooter.invokeProviderInSameClassLoader(Lorg/apache/maven/surefire/booter/ForkingReporterFactory;)Lorg/apache/maven/surefire/suite/RunResult;+9
j  org.apache.maven.surefire.booter.ForkedBooter.runSuitesInProcess()Lorg/apache/maven/surefire/suite/RunResult;+7
j  org.apache.maven.surefire.booter.ForkedBooter.execute()V+1
j  org.apache.maven.surefire.booter.ForkedBooter.main([Ljava/lang/String;)V+35
v  ~StubRoutines::call_stub

---------------  P R O C E S S  ---------------

Java Threads: ( => current thread )
  0x000000001db64800 JavaThread "Okio Watchdog" daemon [_thread_blocked, id=14592, stack(0x000000001f910000,0x000000001fa10000)]
  0x000000001db60000 JavaThread "OkHttp ConnectionPool" daemon [_thread_blocked, id=11840, stack(0x000000001f810000,0x000000001f910000)]
  0x000000001db65000 JavaThread "Exec Stream Pumper" daemon [_thread_in_native, id=12000, stack(0x000000001f710000,0x000000001f810000)]
  0x000000001db66000 JavaThread "Exec Stream Pumper" daemon [_thread_in_native, id=16480, stack(0x000000001f610000,0x000000001f710000)]
  0x000000001db63800 JavaThread "Exec Default Executor" daemon [_thread_in_native, id=15012, stack(0x000000001e380000,0x000000001e480000)]
  0x0000000018b63000 JavaThread "surefire-forkedjvm-ping-30s" daemon [_thread_blocked, id=7488, stack(0x0000000019100000,0x0000000019200000)]
  0x0000000018b1f000 JavaThread "surefire-forkedjvm-command-thread" daemon [_thread_in_native, id=5000, stack(0x0000000019000000,0x0000000019100000)]
  0x00000000170fe000 JavaThread "Service Thread" daemon [_thread_blocked, id=11060, stack(0x0000000018e00000,0x0000000018f00000)]
  0x00000000170ac000 JavaThread "C1 CompilerThread2" daemon [_thread_blocked, id=1988, stack(0x0000000018900000,0x0000000018a00000)]
  0x00000000170a6800 JavaThread "C2 CompilerThread1" daemon [_thread_blocked, id=3364, stack(0x0000000018800000,0x0000000018900000)]
  0x000000001709f000 JavaThread "C2 CompilerThread0" daemon [_thread_in_native, id=5496, stack(0x0000000018700000,0x0000000018800000)]
  0x000000001709d800 JavaThread "Attach Listener" daemon [_thread_blocked, id=7352, stack(0x0000000018600000,0x0000000018700000)]
  0x000000001709c000 JavaThread "Signal Dispatcher" daemon [_thread_blocked, id=5084, stack(0x0000000018500000,0x0000000018600000)]
  0x0000000017089000 JavaThread "Finalizer" daemon [_thread_blocked, id=9716, stack(0x0000000018300000,0x0000000018400000)]
  0x0000000002541000 JavaThread "Reference Handler" daemon [_thread_blocked, id=9064, stack(0x0000000018200000,0x0000000018300000)]
=>0x000000000234e000 JavaThread "main" [_thread_in_vm, id=17376, stack(0x0000000002350000,0x0000000002450000)]

Other Threads:
  0x0000000017067000 VMThread [stack: 0x0000000018100000,0x0000000018200000] [id=1336]
  0x0000000018a2c800 WatcherThread [stack: 0x0000000018f00000,0x0000000019000000] [id=17336]

VM state:not at safepoint (normal execution)

VM Mutex/Monitor currently owned by a thread: None

Heap:
 PSYoungGen      total 114688K, used 20491K [0x00000000d5d80000, 0x00000000ddb00000, 0x0000000100000000)
  eden space 104960K, 10% used [0x00000000d5d80000,0x00000000d68033b0,0x00000000dc400000)
  from space 9728K, 99% used [0x00000000dd180000,0x00000000ddaff890,0x00000000ddb00000)
  to   space 10752K, 0% used [0x00000000dc600000,0x00000000dc600000,0x00000000dd080000)
 ParOldGen       total 55296K, used 10531K [0x0000000081800000, 0x0000000084e00000, 0x00000000d5d80000)
  object space 55296K, 19% used [0x0000000081800000,0x0000000082248e08,0x0000000084e00000)
 Metaspace       used 32952K, capacity 35006K, committed 35328K, reserved 1079296K
  class space    used 4311K, capacity 4743K, committed 4864K, reserved 1048576K

Card table byte_map: [0x0000000011910000,0x0000000011d10000] byte_map_base: 0x0000000011504000

Marking Bits: (ParMarkBitMap*) 0x00000000692fd850
 Begin Bits: [0x00000000123c0000, 0x0000000014360000)
 End Bits:   [0x0000000014360000, 0x0000000016300000)

Polling page: 0x0000000000580000

CodeCache: size=245760Kb used=9738Kb max_used=10183Kb free=236021Kb
 bounds [0x0000000002550000, 0x0000000002f50000, 0x0000000011550000]
 total_blobs=3338 nmethods=2874 adapters=376
 compilation: enabled

Compilation events (10 events):
Event: 18.271 Thread 0x00000000170ac000 3071       3       java.util.stream.ReduceOps$3::makeSink (20 bytes)
Event: 18.272 Thread 0x00000000170ac000 nmethod 3071 0x00000000026a7650 code [0x00000000026a77c0, 0x00000000026a7ad0]
Event: 18.272 Thread 0x00000000170ac000 3072       3       java.util.stream.ReduceOps$3ReducingSink::<init> (20 bytes)
Event: 18.272 Thread 0x00000000170ac000 nmethod 3072 0x00000000026b1c90 code [0x00000000026b1e00, 0x00000000026b2050]
Event: 18.272 Thread 0x00000000170ac000 3074       3       java.util.stream.ReduceOps$3ReducingSink::begin (14 bytes)
Event: 18.272 Thread 0x00000000170ac000 nmethod 3074 0x000000000266ccd0 code [0x000000000266ce40, 0x000000000266d088]
Event: 18.272 Thread 0x00000000170ac000 3073       1       java.util.TreeMap$Entry::getKey (5 bytes)
Event: 18.272 Thread 0x00000000170ac000 nmethod 3073 0x00000000028d4350 code [0x00000000028d44a0, 0x00000000028d45b0]
Event: 18.280 Thread 0x00000000170ac000 3075       3       java.lang.StringBuilder::append (6 bytes)
Event: 18.280 Thread 0x00000000170ac000 nmethod 3075 0x00000000027777d0 code [0x0000000002777940, 0x0000000002777ba8]

GC Heap History (10 events):
Event: 4.251 GC heap before
{Heap before GC invocations=3 (full 0):
 PSYoungGen      total 38400K, used 38384K [0x00000000d5d80000, 0x00000000da880000, 0x0000000100000000)
  eden space 33280K, 100% used [0x00000000d5d80000,0x00000000d7e00000,0x00000000d7e00000)
  from space 5120K, 99% used [0x00000000d8300000,0x00000000d87fc060,0x00000000d8800000)
  to   space 5120K, 0% used [0x00000000d7e00000,0x00000000d7e00000,0x00000000d8300000)
 ParOldGen       total 87552K, used 1826K [0x0000000081800000, 0x0000000086d80000, 0x00000000d5d80000)
  object space 87552K, 2% used [0x0000000081800000,0x00000000819c8860,0x0000000086d80000)
 Metaspace       used 18546K, capacity 19506K, committed 19712K, reserved 1067008K
  class space    used 2345K, capacity 2551K, committed 2560K, reserved 1048576K
Event: 4.260 GC heap after
Heap after GC invocations=3 (full 0):
 PSYoungGen      total 38400K, used 5090K [0x00000000d5d80000, 0x00000000da880000, 0x0000000100000000)
  eden space 33280K, 0% used [0x00000000d5d80000,0x00000000d5d80000,0x00000000d7e00000)
  from space 5120K, 99% used [0x00000000d7e00000,0x00000000d82f89b8,0x00000000d8300000)
  to   space 5120K, 0% used [0x00000000da380000,0x00000000da380000,0x00000000da880000)
 ParOldGen       total 87552K, used 4280K [0x0000000081800000, 0x0000000086d80000, 0x00000000d5d80000)
  object space 87552K, 4% used [0x0000000081800000,0x0000000081c2e038,0x0000000086d80000)
 Metaspace       used 18546K, capacity 19506K, committed 19712K, reserved 1067008K
  class space    used 2345K, capacity 2551K, committed 2560K, reserved 1048576K
}
Event: 4.623 GC heap before
{Heap before GC invocations=4 (full 0):
 PSYoungGen      total 38400K, used 23179K [0x00000000d5d80000, 0x00000000da880000, 0x0000000100000000)
  eden space 33280K, 54% used [0x00000000d5d80000,0x00000000d6f2a258,0x00000000d7e00000)
  from space 5120K, 99% used [0x00000000d7e00000,0x00000000d82f89b8,0x00000000d8300000)
  to   space 5120K, 0% used [0x00000000da380000,0x00000000da380000,0x00000000da880000)
 ParOldGen       total 87552K, used 4280K [0x0000000081800000, 0x0000000086d80000, 0x00000000d5d80000)
  object space 87552K, 4% used [0x0000000081800000,0x0000000081c2e038,0x0000000086d80000)
 Metaspace       used 20163K, capacity 21208K, committed 21248K, reserved 1067008K
  class space    used 2567K, capacity 2790K, committed 2816K, reserved 1048576K
Event: 4.635 GC heap after
Heap after GC invocations=4 (full 0):
 PSYoungGen      total 71680K, used 5094K [0x00000000d5d80000, 0x00000000da880000, 0x0000000100000000)
  eden space 66560K, 0% used [0x00000000d5d80000,0x00000000d5d80000,0x00000000d9e80000)
  from space 5120K, 99% used [0x00000000da380000,0x00000000da879b70,0x00000000da880000)
  to   space 5120K, 0% used [0x00000000d9e80000,0x00000000d9e80000,0x00000000da380000)
 ParOldGen       total 87552K, used 6041K [0x0000000081800000, 0x0000000086d80000, 0x00000000d5d80000)
  object space 87552K, 6% used [0x0000000081800000,0x0000000081de67b8,0x0000000086d80000)
 Metaspace       used 20163K, capacity 21208K, committed 21248K, reserved 1067008K
  class space    used 2567K, capacity 2790K, committed 2816K, reserved 1048576K
}
Event: 4.635 GC heap before
{Heap before GC invocations=5 (full 1):
 PSYoungGen      total 71680K, used 5094K [0x00000000d5d80000, 0x00000000da880000, 0x0000000100000000)
  eden space 66560K, 0% used [0x00000000d5d80000,0x00000000d5d80000,0x00000000d9e80000)
  from space 5120K, 99% used [0x00000000da380000,0x00000000da879b70,0x00000000da880000)
  to   space 5120K, 0% used [0x00000000d9e80000,0x00000000d9e80000,0x00000000da380000)
 ParOldGen       total 87552K, used 6041K [0x0000000081800000, 0x0000000086d80000, 0x00000000d5d80000)
  object space 87552K, 6% used [0x0000000081800000,0x0000000081de67b8,0x0000000086d80000)
 Metaspace       used 20163K, capacity 21208K, committed 21248K, reserved 1067008K
  class space    used 2567K, capacity 2790K, committed 2816K, reserved 1048576K
Event: 4.684 GC heap after
Heap after GC invocations=5 (full 1):
 PSYoungGen      total 71680K, used 0K [0x00000000d5d80000, 0x00000000da880000, 0x0000000100000000)
  eden space 66560K, 0% used [0x00000000d5d80000,0x00000000d5d80000,0x00000000d9e80000)
  from space 5120K, 0% used [0x00000000da380000,0x00000000da380000,0x00000000da880000)
  to   space 5120K, 0% used [0x00000000d9e80000,0x00000000d9e80000,0x00000000da380000)
 ParOldGen       total 55296K, used 6748K [0x0000000081800000, 0x0000000084e00000, 0x00000000d5d80000)
  object space 55296K, 12% used [0x0000000081800000,0x0000000081e972a0,0x0000000084e00000)
 Metaspace       used 20163K, capacity 21208K, committed 21248K, reserved 1067008K
  class space    used 2567K, capacity 2790K, committed 2816K, reserved 1048576K
}
Event: 6.596 GC heap before
{Heap before GC invocations=6 (full 1):
 PSYoungGen      total 71680K, used 66560K [0x00000000d5d80000, 0x00000000da880000, 0x0000000100000000)
  eden space 66560K, 100% used [0x00000000d5d80000,0x00000000d9e80000,0x00000000d9e80000)
  from space 5120K, 0% used [0x00000000da380000,0x00000000da380000,0x00000000da880000)
  to   space 5120K, 0% used [0x00000000d9e80000,0x00000000d9e80000,0x00000000da380000)
 ParOldGen       total 55296K, used 6748K [0x0000000081800000, 0x0000000084e00000, 0x00000000d5d80000)
  object space 55296K, 12% used [0x0000000081800000,0x0000000081e972a0,0x0000000084e00000)
 Metaspace       used 27187K, capacity 28432K, committed 28544K, reserved 1075200K
  class space    used 3425K, capacity 3700K, committed 3712K, reserved 1048576K
Event: 6.623 GC heap after
Heap after GC invocations=6 (full 1):
 PSYoungGen      total 71680K, used 5116K [0x00000000d5d80000, 0x00000000ddb00000, 0x0000000100000000)
  eden space 66560K, 0% used [0x00000000d5d80000,0x00000000d5d80000,0x00000000d9e80000)
  from space 5120K, 99% used [0x00000000d9e80000,0x00000000da37f050,0x00000000da380000)
  to   space 9728K, 0% used [0x00000000dd180000,0x00000000dd180000,0x00000000ddb00000)
 ParOldGen       total 55296K, used 10523K [0x0000000081800000, 0x0000000084e00000, 0x00000000d5d80000)
  object space 55296K, 19% used [0x0000000081800000,0x0000000082246e08,0x0000000084e00000)
 Metaspace       used 27187K, capacity 28432K, committed 28544K, reserved 1075200K
  class space    used 3425K, capacity 3700K, committed 3712K, reserved 1048576K
}
Event: 15.301 GC heap before
{Heap before GC invocations=7 (full 1):
 PSYoungGen      total 71680K, used 71676K [0x00000000d5d80000, 0x00000000ddb00000, 0x0000000100000000)
  eden space 66560K, 100% used [0x00000000d5d80000,0x00000000d9e80000,0x00000000d9e80000)
  from space 5120K, 99% used [0x00000000d9e80000,0x00000000da37f050,0x00000000da380000)
  to   space 9728K, 0% used [0x00000000dd180000,0x00000000dd180000,0x00000000ddb00000)
 ParOldGen       total 55296K, used 10523K [0x0000000081800000, 0x0000000084e00000, 0x00000000d5d80000)
  object space 55296K, 19% used [0x0000000081800000,0x0000000082246e08,0x0000000084e00000)
 Metaspace       used 32606K, capacity 34490K, committed 34560K, reserved 1079296K
  class space    used 4246K, capacity 4607K, committed 4608K, reserved 1048576K
Event: 15.320 GC heap after
Heap after GC invocations=7 (full 1):
 PSYoungGen      total 114688K, used 9726K [0x00000000d5d80000, 0x00000000ddb00000, 0x0000000100000000)
  eden space 104960K, 0% used [0x00000000d5d80000,0x00000000d5d80000,0x00000000dc400000)
  from space 9728K, 99% used [0x00000000dd180000,0x00000000ddaff890,0x00000000ddb00000)
  to   space 10752K, 0% used [0x00000000dc600000,0x00000000dc600000,0x00000000dd080000)
 ParOldGen       total 55296K, used 10531K [0x0000000081800000, 0x0000000084e00000, 0x00000000d5d80000)
  object space 55296K, 19% used [0x0000000081800000,0x0000000082248e08,0x0000000084e00000)
 Metaspace       used 32606K, capacity 34490K, committed 34560K, reserved 1079296K
  class space    used 4246K, capacity 4607K, committed 4608K, reserved 1048576K
}

Deoptimization events (10 events):
Event: 14.490 Thread 0x000000000234e000 Uncommon trap: reason=class_check action=maybe_recompile pc=0x0000000002e15744 method=org.openqa.selenium.json.Input.init()V @ 18
Event: 14.493 Thread 0x000000000234e000 Uncommon trap: reason=class_check action=maybe_recompile pc=0x0000000002e15744 method=org.openqa.selenium.json.Input.init()V @ 18
Event: 14.903 Thread 0x000000000234e000 Uncommon trap: reason=unstable_if action=reinterpret pc=0x0000000002a8b50c method=java.lang.reflect.Executable.equalParamTypes([Ljava/lang/Class;[Ljava/lang/Class;)Z @ 21
Event: 14.903 Thread 0x000000000234e000 Uncommon trap: reason=unstable_if action=reinterpret pc=0x0000000002a5a374 method=java.util.Arrays.equals([Ljava/lang/Object;[Ljava/lang/Object;)Z @ 65
Event: 15.135 Thread 0x000000000234e000 Uncommon trap: reason=unstable_if action=reinterpret pc=0x0000000002a3ac1c method=org.springframework.boot.context.properties.source.ConfigurationPropertyName$ElementsParser.add(IILorg/springframework/boot/context/properties/source/ConfigurationPropertyNa
Event: 15.420 Thread 0x000000000234e000 Uncommon trap: reason=unstable_if action=reinterpret pc=0x0000000002a5c1d8 method=org.springframework.util.ConcurrentReferenceHashMap$Segment.clear()V @ 7
Event: 15.457 Thread 0x000000000234e000 Uncommon trap: reason=unstable_if action=reinterpret pc=0x0000000002bff240 method=org.springframework.util.ConcurrentReferenceHashMap$Segment.findInChain(Lorg/springframework/util/ConcurrentReferenceHashMap$Reference;Ljava/lang/Object;I)Lorg/springframewo
Event: 15.457 Thread 0x000000000234e000 Uncommon trap: reason=unstable_if action=reinterpret pc=0x0000000002bd1f78 method=org.springframework.util.ConcurrentReferenceHashMap$Segment.findInChain(Lorg/springframework/util/ConcurrentReferenceHashMap$Reference;Ljava/lang/Object;I)Lorg/springframewo
Event: 15.462 Thread 0x000000000234e000 Uncommon trap: reason=unstable_if action=reinterpret pc=0x0000000002f33998 method=java.util.LinkedHashMap.afterNodeAccess(Ljava/util/HashMap$Node;)V @ 14
Event: 18.178 Thread 0x000000000234e000 Uncommon trap: reason=unstable_if action=reinterpret pc=0x0000000002bfca14 method=org.springframework.util.ConcurrentReferenceHashMap$Segment.findInChain(Lorg/springframework/util/ConcurrentReferenceHashMap$Reference;Ljava/lang/Object;I)Lorg/springframewo

Internal exceptions (10 events):
Event: 15.446 Thread 0x000000000234e000 Exception <a 'java/lang/ClassNotFoundException': org/springframework/test/context/testng/AbstractTestNGSpringContextTestsCustomizer> (0x00000000d60f1a60) thrown at [C:\re\workspace\8-2-build-windows-amd64-cygwin\jdk8u151\9699\hotspot\src\share\vm\classfil
Event: 15.447 Thread 0x000000000234e000 Exception <a 'java/lang/ClassNotFoundException': com/mine/vj/learningSpringBoot/SpringBootTestNGCustomizer> (0x00000000d610fba0) thrown at [C:\re\workspace\8-2-build-windows-amd64-cygwin\jdk8u151\9699\hotspot\src\share\vm\classfile\systemDictionary.cpp, l
Event: 15.447 Thread 0x000000000234e000 Exception <a 'java/lang/ClassNotFoundException': org/testng/IHookableCustomizer> (0x00000000d6125918) thrown at [C:\re\workspace\8-2-build-windows-amd64-cygwin\jdk8u151\9699\hotspot\src\share\vm\classfile\systemDictionary.cpp, line 210]
Event: 15.448 Thread 0x000000000234e000 Exception <a 'java/lang/ClassNotFoundException': org/testng/ITestNGListenerCustomizer> (0x00000000d613b020) thrown at [C:\re\workspace\8-2-build-windows-amd64-cygwin\jdk8u151\9699\hotspot\src\share\vm\classfile\systemDictionary.cpp, line 210]
Event: 15.449 Thread 0x000000000234e000 Exception <a 'java/lang/ClassNotFoundException': org/springframework/context/ApplicationContextAwareCustomizer> (0x00000000d6158148) thrown at [C:\re\workspace\8-2-build-windows-amd64-cygwin\jdk8u151\9699\hotspot\src\share\vm\classfile\systemDictionary.cp
Event: 15.450 Thread 0x000000000234e000 Exception <a 'java/lang/ClassNotFoundException': org/springframework/beans/factory/AwareCustomizer> (0x00000000d6172a58) thrown at [C:\re\workspace\8-2-build-windows-amd64-cygwin\jdk8u151\9699\hotspot\src\share\vm\classfile\systemDictionary.cpp, line 210]
Event: 15.475 Thread 0x000000000234e000 Exception <a 'java/net/SocketTimeoutException': Read timed out> (0x00000000d61bedf8) thrown at [C:\re\workspace\8-2-build-windows-amd64-cygwin\jdk8u151\9699\hotspot\src\share\vm\prims\jni.cpp, line 735]
Event: 18.228 Thread 0x000000000234e000 Exception <a 'java/net/SocketTimeoutException': Read timed out> (0x00000000d62dad50) thrown at [C:\re\workspace\8-2-build-windows-amd64-cygwin\jdk8u151\9699\hotspot\src\share\vm\prims\jni.cpp, line 735]
Event: 18.273 Thread 0x000000000234e000 Exception <a 'java/lang/reflect/InvocationTargetException'> (0x00000000d6332d88) thrown at [C:\re\workspace\8-2-build-windows-amd64-cygwin\jdk8u151\9699\hotspot\src\share\vm\runtime\reflection.cpp, line 1092]
Event: 18.275 Thread 0x000000000234e000 Exception <a 'java/lang/reflect/InvocationTargetException'> (0x00000000d6340ec0) thrown at [C:\re\workspace\8-2-build-windows-amd64-cygwin\jdk8u151\9699\hotspot\src\share\vm\runtime\reflection.cpp, line 1092]

Events (10 events):
Event: 18.275 loading class org/apache/maven/surefire/report/PojoStackTraceWriter
Event: 18.275 loading class org/apache/maven/surefire/report/PojoStackTraceWriter done
Event: 18.279 loading class org/apache/maven/surefire/report/SafeThrowable
Event: 18.279 loading class org/apache/maven/surefire/report/SafeThrowable done
Event: 18.280 loading class org/apache/maven/surefire/report/SmartStackTraceParser
Event: 18.280 loading class org/apache/maven/surefire/report/SmartStackTraceParser done
Event: 18.282 loading class org/apache/maven/surefire/report/StackTraceFilter
Event: 18.282 loading class org/apache/maven/surefire/report/StackTraceFilter done
Event: 18.283 loading class org/apache/maven/shared/utils/StringUtils
Event: 18.283 loading class org/apache/maven/shared/utils/StringUtils done


Dynamic libraries:
0x00007ff6efc80000 - 0x00007ff6efcb7000 	C:\Program Files\Java\jdk1.8.0_151\jre\bin\java.exe
0x00007fff2c690000 - 0x00007fff2c885000 	C:\WINDOWS\SYSTEM32\ntdll.dll
0x00007fff2ba00000 - 0x00007fff2babd000 	C:\WINDOWS\System32\KERNEL32.DLL
0x00007fff2a1b0000 - 0x00007fff2a479000 	C:\WINDOWS\System32\KERNELBASE.dll
0x00007fff2b940000 - 0x00007fff2b9ec000 	C:\WINDOWS\System32\ADVAPI32.dll
0x00007fff2bcb0000 - 0x00007fff2bd4e000 	C:\WINDOWS\System32\msvcrt.dll
0x00007fff2bac0000 - 0x00007fff2bb5b000 	C:\WINDOWS\System32\sechost.dll
0x00007fff2a850000 - 0x00007fff2a97a000 	C:\WINDOWS\System32\RPCRT4.dll
0x00007fff2bdb0000 - 0x00007fff2bf50000 	C:\WINDOWS\System32\USER32.dll
0x00007fff2a480000 - 0x00007fff2a4a2000 	C:\WINDOWS\System32\win32u.dll
0x00007fff2bbd0000 - 0x00007fff2bbfa000 	C:\WINDOWS\System32\GDI32.dll
0x00007fff2a5e0000 - 0x00007fff2a6eb000 	C:\WINDOWS\System32\gdi32full.dll
0x00007fff2a4b0000 - 0x00007fff2a54d000 	C:\WINDOWS\System32\msvcp_win.dll
0x00007fff29dc0000 - 0x00007fff29ec0000 	C:\WINDOWS\System32\ucrtbase.dll
0x00007fff15400000 - 0x00007fff1569a000 	C:\WINDOWS\WinSxS\amd64_microsoft.windows.common-controls_6595b64144ccf1df_6.0.19041.1110_none_60b5254171f9507e\COMCTL32.dll
0x00007fff2aa60000 - 0x00007fff2aa90000 	C:\WINDOWS\System32\IMM32.DLL
0x000000006a270000 - 0x000000006a342000 	C:\Program Files\Java\jdk1.8.0_151\jre\bin\msvcr100.dll
0x0000000068ae0000 - 0x000000006937d000 	C:\Program Files\Java\jdk1.8.0_151\jre\bin\server\jvm.dll
0x00007fff2b9f0000 - 0x00007fff2b9f8000 	C:\WINDOWS\System32\PSAPI.DLL
0x00007fff16a60000 - 0x00007fff16a87000 	C:\WINDOWS\SYSTEM32\WINMM.dll
0x00007fff1d350000 - 0x00007fff1d35a000 	C:\WINDOWS\SYSTEM32\VERSION.dll
0x00007fff0b470000 - 0x00007fff0b479000 	C:\WINDOWS\SYSTEM32\WSOCK32.dll
0x00007fff2bb60000 - 0x00007fff2bbcb000 	C:\WINDOWS\System32\WS2_32.dll
0x000000006a260000 - 0x000000006a26f000 	C:\Program Files\Java\jdk1.8.0_151\jre\bin\verify.dll
0x000000006a230000 - 0x000000006a259000 	C:\Program Files\Java\jdk1.8.0_151\jre\bin\java.dll
0x000000006a210000 - 0x000000006a226000 	C:\Program Files\Java\jdk1.8.0_151\jre\bin\zip.dll
0x00007fff2ad00000 - 0x00007fff2b43f000 	C:\WINDOWS\System32\SHELL32.dll
0x00007fff27e90000 - 0x00007fff28620000 	C:\WINDOWS\SYSTEM32\windows.storage.dll
0x00007fff2c2f0000 - 0x00007fff2c645000 	C:\WINDOWS\System32\combase.dll
0x00007fff29740000 - 0x00007fff2976c000 	C:\WINDOWS\SYSTEM32\Wldp.dll
0x00007fff2a7a0000 - 0x00007fff2a84e000 	C:\WINDOWS\System32\SHCORE.dll
0x00007fff2ac40000 - 0x00007fff2ac95000 	C:\WINDOWS\System32\shlwapi.dll
0x00007fff29d00000 - 0x00007fff29d1f000 	C:\WINDOWS\SYSTEM32\profapi.dll
0x0000000069770000 - 0x000000006977d000 	C:\Program Files\Java\jdk1.8.0_151\jre\bin\management.dll
0x00007fff29a90000 - 0x00007fff29aa8000 	C:\WINDOWS\SYSTEM32\CRYPTSP.dll
0x00007fff28e50000 - 0x00007fff28e84000 	C:\WINDOWS\system32\rsaenh.dll
0x00007fff2a550000 - 0x00007fff2a577000 	C:\WINDOWS\System32\bcrypt.dll
0x00007fff29cc0000 - 0x00007fff29cee000 	C:\WINDOWS\SYSTEM32\USERENV.dll
0x00007fff29f10000 - 0x00007fff29f93000 	C:\WINDOWS\System32\bcryptprimitives.dll
0x00007fff296b0000 - 0x00007fff296bc000 	C:\WINDOWS\SYSTEM32\CRYPTBASE.dll
0x000000006a1f0000 - 0x000000006a20a000 	C:\Program Files\Java\jdk1.8.0_151\jre\bin\net.dll
0x00007fff29520000 - 0x00007fff2958a000 	C:\WINDOWS\system32\mswsock.dll
0x00007fff291e0000 - 0x00007fff2921b000 	C:\WINDOWS\SYSTEM32\IPHLPAPI.DLL
0x00007fff2bf50000 - 0x00007fff2bf58000 	C:\WINDOWS\System32\NSI.dll
0x00007fff1f5b0000 - 0x00007fff1f5c7000 	C:\WINDOWS\SYSTEM32\dhcpcsvc6.DLL
0x00007fff1f590000 - 0x00007fff1f5ad000 	C:\WINDOWS\SYSTEM32\dhcpcsvc.DLL
0x00007fff29230000 - 0x00007fff292fc000 	C:\WINDOWS\SYSTEM32\DNSAPI.dll
0x000000006a1d0000 - 0x000000006a1e1000 	C:\Program Files\Java\jdk1.8.0_151\jre\bin\nio.dll
0x00007fff0b480000 - 0x00007fff0b497000 	C:\WINDOWS\system32\napinsp.dll
0x00007fff09fb0000 - 0x00007fff09fcb000 	C:\WINDOWS\system32\pnrpnsp.dll
0x00007fff09e10000 - 0x00007fff09e25000 	C:\WINDOWS\system32\wshbth.dll
0x00007fff254b0000 - 0x00007fff254cd000 	C:\WINDOWS\system32\NLAapi.dll
0x00007fff09db0000 - 0x00007fff09dc2000 	C:\WINDOWS\System32\winrnr.dll
0x00007fff1d790000 - 0x00007fff1d79a000 	C:\Windows\System32\rasadhlp.dll
0x00007fff1da60000 - 0x00007fff1dadf000 	C:\WINDOWS\System32\fwpuclnt.dll
0x0000000069720000 - 0x0000000069744000 	C:\Program Files\Java\jdk1.8.0_151\jre\bin\sunec.dll
0x0000000069760000 - 0x000000006976b000 	C:\Program Files\Java\jdk1.8.0_151\jre\bin\sunmscapi.dll
0x00007fff2a050000 - 0x00007fff2a1af000 	C:\WINDOWS\System32\CRYPT32.dll

VM Arguments:
java_command: C:\Users\Ivan\AppData\Local\Temp\surefire173796009627561992\surefirebooter1027438966806374668.jar C:\Users\Ivan\AppData\Local\Temp\surefire173796009627561992 2021-09-10T11-52-45_186-jvmRun1 surefire1035913872751716140tmp surefire_02407119566333200tmp
java_class_path (initial): C:\Users\Ivan\AppData\Local\Temp\surefire173796009627561992\surefirebooter1027438966806374668.jar
Launcher Type: SUN_STANDARD

Environment Variables:
JAVA_HOME=C:\Program Files\Java\jdk1.8.0_151
PATH=C:\Program Files\Common Files\Oracle\Java\javapath;C:\ProgramData\Oracle\Java\javapath;C:\WINDOWS\system32;C:\WINDOWS;C:\WINDOWS\System32\Wbem;C:\WINDOWS\System32\WindowsPowerShell\v1.0\;C:\WINDOWS\System32\OpenSSH\;C:\Program Files (x86)\HP\Common\HPDestPlgIn\;C:\Android;C:\Windows\System32;%JAVA_HOME%\bin;C:\Program Files\Git\cmd;C:\Program Files\PuTTY\;C:\ProgramData\chocolatey\bin;C:\Program Files\apache-maven-3.8.2\bin;;C:\Program Files\nodejs\;C:\Program Files\dotnet\;C:\Program Files\Docker\Docker\resources\bin;C:\ProgramData\DockerDesktop\version-bin;C:\Users\Ivan\AppData\Local\Programs\Python\Python39\Scripts\;C:\Users\Ivan\AppData\Local\Programs\Python\Python39\;C:\Users\Ivan\AppData\Local\Microsoft\WindowsApps;C:\Users\Ivan\AppData\Local\Programs\Microsoft VS Code\bin;C:\Users\Ivan\AppData\Roaming\npm;C:\Users\Ivan\.dotnet\tools;C:\Program Files\JetBrains\IntelliJ IDEA Community Edition 2021.2.1\bin
USERNAME=Ivan
OS=Windows_NT
PROCESSOR_IDENTIFIER=Intel64 Family 6 Model 69 Stepping 1, GenuineIntel



---------------  S Y S T E M  ---------------

OS: Windows 10.0 , 64 bit Build 19041 (10.0.19041.1151)

CPU:total 4 (initial active 4) (2 cores per cpu, 2 threads per core) family 6 model 69 stepping 1, cmov, cx8, fxsr, mmx, sse, sse2, sse3, ssse3, sse4.1, sse4.2, popcnt, avx, avx2, aes, clmul, erms, lzcnt, ht, tsc, tscinvbit, bmi1, bmi2

Memory: 4k page, physical 8283244k(1939160k free), swap 12098552k(3932k free)

vm_info: Java HotSpot(TM) 64-Bit Server VM (25.151-b12) for windows-amd64 JRE (1.8.0_151-b12), built on Sep  5 2017 19:33:46 by "java_re" with MS VC++ 10.0 (VS2010)

time: Fri Sep 10 11:53:04 2021
elapsed time: 18 seconds (0d 0h 0m 18s)

