#
# There is insufficient memory for the Java Runtime Environment to continue.
# Native memory allocation (malloc) failed to allocate 1844208 bytes for Chunk::new
# Possible reasons:
#   The system is out of physical RAM or swap space
#   In 32 bit mode, the process size limit was hit
# Possible solutions:
#   Reduce memory load on the system
#   Increase physical memory or swap space
#   Check if swap backing store is full
#   Use 64 bit Java on a 64 bit OS
#   Decrease Java heap size (-Xmx/-Xms)
#   Decrease number of Java threads
#   Decrease Java thread stack sizes (-Xss)
#   Set larger code cache with -XX:ReservedCodeCacheSize=
# This output file may be truncated or incomplete.
#
#  Out of Memory Error (allocation.cpp:390), pid=3552, tid=0x0000000000001b84
#
# JRE version: Java(TM) SE Runtime Environment (8.0_151-b12) (build 1.8.0_151-b12)
# Java VM: Java HotSpot(TM) 64-Bit Server VM (25.151-b12 mixed mode windows-amd64 compressed oops)
# Failed to write core dump. Minidumps are not enabled by default on client versions of Windows
#

---------------  T H R E A D  ---------------

Current thread (0x0000000017f26000):  JavaThread "C2 CompilerThread0" daemon [_thread_in_native, id=7044, stack(0x0000000019580000,0x0000000019680000)]

Stack: [0x0000000019580000,0x0000000019680000]
[error occurred during error reporting (printing stack bounds), id 0xc0000005]

Native frames: (J=compiled Java code, j=interpreted, Vv=VM code, C=native code)


Current CompileTask:
C2:   8104 2796   !   4       java.net.URLClassLoader$1::run (63 bytes)


---------------  P R O C E S S  ---------------

Java Threads: ( => current thread )
  0x00000000216d3800 JavaThread "Exec Stream Pumper" daemon [_thread_in_native, id=8612, stack(0x000000001f6b0000,0x000000001f7b0000)]
  0x000000001d9a6000 JavaThread "Exec Stream Pumper" daemon [_thread_in_native, id=6840, stack(0x000000001f5b0000,0x000000001f6b0000)]
  0x0000000019f45000 JavaThread "UrlChecker-2" daemon [_thread_in_native, id=9548, stack(0x000000001e0d0000,0x000000001e1d0000)]
  0x000000001db24800 JavaThread "Exec Default Executor" daemon [_thread_in_native, id=10720, stack(0x000000001bd90000,0x000000001be90000)]
  0x000000001a3a2000 JavaThread "ReaderThread" [_thread_in_native, id=16864, stack(0x000000001ba90000,0x000000001bb90000)]
  0x0000000017f7e000 JavaThread "Service Thread" daemon [_thread_blocked, id=1972, stack(0x0000000019c80000,0x0000000019d80000)]
  0x0000000017f30800 JavaThread "C1 CompilerThread2" daemon [_thread_blocked, id=5000, stack(0x0000000019780000,0x0000000019880000)]
  0x0000000017f2b000 JavaThread "C2 CompilerThread1" daemon [_thread_blocked, id=15828, stack(0x0000000019680000,0x0000000019780000)]
=>0x0000000017f26000 JavaThread "C2 CompilerThread0" daemon [_thread_in_native, id=7044, stack(0x0000000019580000,0x0000000019680000)]
  0x0000000017f24000 JavaThread "Attach Listener" daemon [_thread_blocked, id=15524, stack(0x0000000019480000,0x0000000019580000)]
  0x0000000017f21800 JavaThread "Signal Dispatcher" daemon [_thread_blocked, id=1456, stack(0x0000000019380000,0x0000000019480000)]
  0x0000000017f0f800 JavaThread "Finalizer" daemon [_thread_blocked, id=11652, stack(0x0000000019170000,0x0000000019270000)]
  0x0000000017ee9000 JavaThread "Reference Handler" daemon [_thread_blocked, id=9184, stack(0x0000000019070000,0x0000000019170000)]
  0x00000000032a5800 JavaThread "Forwarding newSession on session null to remote" [_thread_blocked, id=9416, stack(0x00000000031a0000,0x00000000032a0000)]

Other Threads:
  0x0000000017ee7000 VMThread [stack: 0x0000000018f70000,0x0000000019070000] [id=8420]
  0x0000000019929000 WatcherThread [stack: 0x0000000019d80000,0x0000000019e80000] [id=6524]

VM state:not at safepoint (normal execution)

VM Mutex/Monitor currently owned by a thread: None

Heap:
 PSYoungGen      total 119808K, used 17161K [0x00000000d5d80000, 0x00000000e4400000, 0x0000000100000000)
  eden space 108544K, 15% used [0x00000000d5d80000,0x00000000d6e42670,0x00000000dc780000)
  from space 11264K, 0% used [0x00000000dc780000,0x00000000dc780000,0x00000000dd280000)
  to   space 11776K, 0% used [0x00000000e3880000,0x00000000e3880000,0x00000000e4400000)
 ParOldGen       total 54272K, used 11429K [0x0000000081800000, 0x0000000084d00000, 0x00000000d5d80000)
  object space 54272K, 21% used [0x0000000081800000,0x00000000823295f8,0x0000000084d00000)
 Metaspace       used 34867K, capacity 36500K, committed 36776K, reserved 1081344K
  class space    used 4457K, capacity 4788K, committed 4864K, reserved 1048576K

Card table byte_map: [0x0000000012760000,0x0000000012b60000] byte_map_base: 0x0000000012354000

Marking Bits: (ParMarkBitMap*) 0x000000006a14d850
 Begin Bits: [0x0000000013210000, 0x00000000151b0000)
 End Bits:   [0x00000000151b0000, 0x0000000017150000)

Polling page: 0x0000000003160000

CodeCache: size=245760Kb used=9661Kb max_used=9747Kb free=236098Kb
 bounds [0x00000000033a0000, 0x0000000003d30000, 0x00000000123a0000]
 total_blobs=3257 nmethods=2804 adapters=365
 compilation: enabled

Compilation events (10 events):
Event: 7.942 Thread 0x0000000017f30800 2846       3       java.util.logging.LogManager$LoggerContext::requiresDefaultLoggers (29 bytes)
Event: 7.943 Thread 0x0000000017f30800 nmethod 2846 0x0000000003d27750 code [0x0000000003d278c0, 0x0000000003d27ce8]
Event: 7.943 Thread 0x0000000017f30800 2847       3       java.util.logging.LogManager::access$100 (4 bytes)
Event: 7.943 Thread 0x0000000017f30800 nmethod 2847 0x00000000034a1390 code [0x00000000034a14e0, 0x00000000034a1610]
Event: 7.963 Thread 0x0000000017f30800 2848   !   3       java.util.concurrent.ConcurrentHashMap::putVal (362 bytes)
Event: 7.966 Thread 0x0000000017f30800 nmethod 2848 0x00000000034daad0 code [0x00000000034dad80, 0x00000000034dc678]
Event: 8.043 Thread 0x0000000017f30800 2849       3       java.io.PrintStream::ensureOpen (18 bytes)
Event: 8.043 Thread 0x0000000017f30800 nmethod 2849 0x00000000034cfe90 code [0x00000000034d0000, 0x00000000034d0248]
Event: 8.043 Thread 0x0000000017f30800 2850       3       org.openqa.selenium.io.MultiOutputStream::write (24 bytes)
Event: 8.044 Thread 0x0000000017f30800 nmethod 2850 0x00000000034b2050 code [0x00000000034b21c0, 0x00000000034b24f8]

GC Heap History (10 events):
Event: 4.464 GC heap before
{Heap before GC invocations=5 (full 1):
 PSYoungGen      total 71680K, used 5109K [0x00000000d5d80000, 0x00000000da880000, 0x0000000100000000)
  eden space 66560K, 0% used [0x00000000d5d80000,0x00000000d5d80000,0x00000000d9e80000)
  from space 5120K, 99% used [0x00000000da380000,0x00000000da87d400,0x00000000da880000)
  to   space 5120K, 0% used [0x00000000d9e80000,0x00000000d9e80000,0x00000000da380000)
 ParOldGen       total 87552K, used 7875K [0x0000000081800000, 0x0000000086d80000, 0x00000000d5d80000)
  object space 87552K, 8% used [0x0000000081800000,0x0000000081fb0c10,0x0000000086d80000)
 Metaspace       used 20502K, capacity 21216K, committed 21296K, reserved 1069056K
  class space    used 2452K, capacity 2664K, committed 2688K, reserved 1048576K
Event: 4.511 GC heap after
Heap after GC invocations=5 (full 1):
 PSYoungGen      total 71680K, used 0K [0x00000000d5d80000, 0x00000000da880000, 0x0000000100000000)
  eden space 66560K, 0% used [0x00000000d5d80000,0x00000000d5d80000,0x00000000d9e80000)
  from space 5120K, 0% used [0x00000000da380000,0x00000000da380000,0x00000000da880000)
  to   space 5120K, 0% used [0x00000000d9e80000,0x00000000d9e80000,0x00000000da380000)
 ParOldGen       total 54272K, used 6553K [0x0000000081800000, 0x0000000084d00000, 0x00000000d5d80000)
  object space 54272K, 12% used [0x0000000081800000,0x0000000081e666a8,0x0000000084d00000)
 Metaspace       used 20502K, capacity 21216K, committed 21296K, reserved 1069056K
  class space    used 2452K, capacity 2664K, committed 2688K, reserved 1048576K
}
Event: 6.389 GC heap before
{Heap before GC invocations=6 (full 1):
 PSYoungGen      total 71680K, used 66560K [0x00000000d5d80000, 0x00000000da880000, 0x0000000100000000)
  eden space 66560K, 100% used [0x00000000d5d80000,0x00000000d9e80000,0x00000000d9e80000)
  from space 5120K, 0% used [0x00000000da380000,0x00000000da380000,0x00000000da880000)
  to   space 5120K, 0% used [0x00000000d9e80000,0x00000000d9e80000,0x00000000da380000)
 ParOldGen       total 54272K, used 6553K [0x0000000081800000, 0x0000000084d00000, 0x00000000d5d80000)
  object space 54272K, 12% used [0x0000000081800000,0x0000000081e666a8,0x0000000084d00000)
 Metaspace       used 27558K, capacity 28988K, committed 29184K, reserved 1075200K
  class space    used 3497K, capacity 3780K, committed 3840K, reserved 1048576K
Event: 6.400 GC heap after
Heap after GC invocations=6 (full 1):
 PSYoungGen      total 71680K, used 5117K [0x00000000d5d80000, 0x00000000ddc00000, 0x0000000100000000)
  eden space 66560K, 0% used [0x00000000d5d80000,0x00000000d5d80000,0x00000000d9e80000)
  from space 5120K, 99% used [0x00000000d9e80000,0x00000000da37f7b8,0x00000000da380000)
  to   space 9728K, 0% used [0x00000000dd280000,0x00000000dd280000,0x00000000ddc00000)
 ParOldGen       total 54272K, used 9955K [0x0000000081800000, 0x0000000084d00000, 0x00000000d5d80000)
  object space 54272K, 18% used [0x0000000081800000,0x00000000821b8fb0,0x0000000084d00000)
 Metaspace       used 27558K, capacity 28988K, committed 29184K, reserved 1075200K
  class space    used 3497K, capacity 3780K, committed 3840K, reserved 1048576K
}
Event: 7.547 GC heap before
{Heap before GC invocations=7 (full 1):
 PSYoungGen      total 71680K, used 71677K [0x00000000d5d80000, 0x00000000ddc00000, 0x0000000100000000)
  eden space 66560K, 100% used [0x00000000d5d80000,0x00000000d9e80000,0x00000000d9e80000)
  from space 5120K, 99% used [0x00000000d9e80000,0x00000000da37f7b8,0x00000000da380000)
  to   space 9728K, 0% used [0x00000000dd280000,0x00000000dd280000,0x00000000ddc00000)
 ParOldGen       total 54272K, used 9955K [0x0000000081800000, 0x0000000084d00000, 0x00000000d5d80000)
  object space 54272K, 18% used [0x0000000081800000,0x00000000821b8fb0,0x0000000084d00000)
 Metaspace       used 33760K, capacity 35306K, committed 35496K, reserved 1081344K
  class space    used 4289K, capacity 4583K, committed 4608K, reserved 1048576K
Event: 7.574 GC heap after
Heap after GC invocations=7 (full 1):
 PSYoungGen      total 118272K, used 9727K [0x00000000d5d80000, 0x00000000ddf80000, 0x0000000100000000)
  eden space 108544K, 0% used [0x00000000d5d80000,0x00000000d5d80000,0x00000000dc780000)
  from space 9728K, 99% used [0x00000000dd280000,0x00000000ddbffdb8,0x00000000ddc00000)
  to   space 11264K, 0% used [0x00000000dc780000,0x00000000dc780000,0x00000000dd280000)
 ParOldGen       total 54272K, used 11108K [0x0000000081800000, 0x0000000084d00000, 0x00000000d5d80000)
  object space 54272K, 20% used [0x0000000081800000,0x00000000822d92f0,0x0000000084d00000)
 Metaspace       used 33760K, capacity 35306K, committed 35496K, reserved 1081344K
  class space    used 4289K, capacity 4583K, committed 4608K, reserved 1048576K
}
Event: 7.578 GC heap before
{Heap before GC invocations=8 (full 1):
 PSYoungGen      total 118272K, used 11830K [0x00000000d5d80000, 0x00000000ddf80000, 0x0000000100000000)
  eden space 108544K, 1% used [0x00000000d5d80000,0x00000000d5f8daa0,0x00000000dc780000)
  from space 9728K, 99% used [0x00000000dd280000,0x00000000ddbffdb8,0x00000000ddc00000)
  to   space 11264K, 0% used [0x00000000dc780000,0x00000000dc780000,0x00000000dd280000)
 ParOldGen       total 54272K, used 11108K [0x0000000081800000, 0x0000000084d00000, 0x00000000d5d80000)
  object space 54272K, 20% used [0x0000000081800000,0x00000000822d92f0,0x0000000084d00000)
 Metaspace       used 33766K, capacity 35306K, committed 35496K, reserved 1081344K
  class space    used 4289K, capacity 4583K, committed 4608K, reserved 1048576K
Event: 7.596 GC heap after
Heap after GC invocations=8 (full 1):
 PSYoungGen      total 119808K, used 4951K [0x00000000d5d80000, 0x00000000e4400000, 0x0000000100000000)
  eden space 108544K, 0% used [0x00000000d5d80000,0x00000000d5d80000,0x00000000dc780000)
  from space 11264K, 43% used [0x00000000dc780000,0x00000000dcc55dd0,0x00000000dd280000)
  to   space 11776K, 0% used [0x00000000e3880000,0x00000000e3880000,0x00000000e4400000)
 ParOldGen       total 54272K, used 11116K [0x0000000081800000, 0x0000000084d00000, 0x00000000d5d80000)
  object space 54272K, 20% used [0x0000000081800000,0x00000000822db2f0,0x0000000084d00000)
 Metaspace       used 33766K, capacity 35306K, committed 35496K, reserved 1081344K
  class space    used 4289K, capacity 4583K, committed 4608K, reserved 1048576K
}
Event: 7.596 GC heap before
{Heap before GC invocations=9 (full 2):
 PSYoungGen      total 119808K, used 4951K [0x00000000d5d80000, 0x00000000e4400000, 0x0000000100000000)
  eden space 108544K, 0% used [0x00000000d5d80000,0x00000000d5d80000,0x00000000dc780000)
  from space 11264K, 43% used [0x00000000dc780000,0x00000000dcc55dd0,0x00000000dd280000)
  to   space 11776K, 0% used [0x00000000e3880000,0x00000000e3880000,0x00000000e4400000)
 ParOldGen       total 54272K, used 11116K [0x0000000081800000, 0x0000000084d00000, 0x00000000d5d80000)
  object space 54272K, 20% used [0x0000000081800000,0x00000000822db2f0,0x0000000084d00000)
 Metaspace       used 33766K, capacity 35306K, committed 35496K, reserved 1081344K
  class space    used 4289K, capacity 4583K, committed 4608K, reserved 1048576K
Event: 7.714 GC heap after
Heap after GC invocations=9 (full 2):
 PSYoungGen      total 119808K, used 0K [0x00000000d5d80000, 0x00000000e4400000, 0x0000000100000000)
  eden space 108544K, 0% used [0x00000000d5d80000,0x00000000d5d80000,0x00000000dc780000)
  from space 11264K, 0% used [0x00000000dc780000,0x00000000dc780000,0x00000000dd280000)
  to   space 11776K, 0% used [0x00000000e3880000,0x00000000e3880000,0x00000000e4400000)
 ParOldGen       total 54272K, used 11429K [0x0000000081800000, 0x0000000084d00000, 0x00000000d5d80000)
  object space 54272K, 21% used [0x0000000081800000,0x00000000823295f8,0x0000000084d00000)
 Metaspace       used 33766K, capacity 35306K, committed 35496K, reserved 1081344K
  class space    used 4289K, capacity 4583K, committed 4608K, reserved 1048576K
}

Deoptimization events (10 events):
Event: 6.772 Thread 0x00000000032a5800 Uncommon trap: reason=unstable_if action=reinterpret pc=0x0000000003b5e684 method=java.util.Properties$LineReader.readLine()I @ 252
Event: 6.772 Thread 0x00000000032a5800 Uncommon trap: reason=unstable_if action=reinterpret pc=0x0000000003b4d4c4 method=java.util.Properties$LineReader.readLine()I @ 252
Event: 6.773 Thread 0x00000000032a5800 Uncommon trap: reason=unstable_if action=reinterpret pc=0x0000000003b5b1f0 method=java.util.Properties.loadConvert([CII[C)Ljava/lang/String; @ 57
Event: 6.955 Thread 0x00000000032a5800 Uncommon trap: reason=unstable_if action=reinterpret pc=0x0000000003ab508c method=java.util.concurrent.ConcurrentHashMap.transfer([Ljava/util/concurrent/ConcurrentHashMap$Node;[Ljava/util/concurrent/ConcurrentHashMap$Node;)V @ 356
Event: 7.017 Thread 0x00000000032a5800 Uncommon trap: reason=unstable_if action=reinterpret pc=0x0000000003a4b978 method=jdk.internal.org.objectweb.asm.Type.getArgumentsAndReturnSizes(Ljava/lang/String;)I @ 47
Event: 7.764 Thread 0x00000000032a5800 Uncommon trap: reason=unstable_if action=reinterpret pc=0x0000000003bb3448 method=java.io.WinNTFileSystem.resolve(Ljava/lang/String;Ljava/lang/String;)Ljava/lang/String; @ 117
Event: 7.764 Thread 0x00000000032a5800 Uncommon trap: reason=unstable_if action=reinterpret pc=0x0000000003b9bb00 method=java.io.WinNTFileSystem.prefixLength(Ljava/lang/String;)I @ 42
Event: 7.781 Thread 0x00000000032a5800 Uncommon trap: reason=unstable_if action=reinterpret pc=0x0000000003cbadfc method=java.net.URLStreamHandler.parseURL(Ljava/net/URL;Ljava/lang/String;II)V @ 690
Event: 7.936 Thread 0x00000000032a5800 Uncommon trap: reason=unstable_if action=reinterpret pc=0x000000000354cbd4 method=java.lang.String.replace(CC)Ljava/lang/String; @ 2
Event: 7.940 Thread 0x000000001db24800 Uncommon trap: reason=unstable_if action=reinterpret pc=0x0000000003cb5518 method=java.util.concurrent.ConcurrentHashMap.putVal(Ljava/lang/Object;Ljava/lang/Object;Z)Ljava/lang/Object; @ 113

Internal exceptions (10 events):
Event: 6.704 Thread 0x00000000032a5800 Exception <a 'java/lang/ClassNotFoundException': com/mine/vj/learningSpringBoot/pages/HomePageCustomizer> (0x00000000d69245a8) thrown at [C:\re\workspace\8-2-build-windows-amd64-cygwin\jdk8u151\9699\hotspot\src\share\vm\classfile\systemDictionary.cpp, lin
Event: 6.715 Thread 0x00000000032a5800 Exception <a 'java/lang/ClassNotFoundException': java/lang/ObjectCustomizer> (0x00000000d6966630) thrown at [C:\re\workspace\8-2-build-windows-amd64-cygwin\jdk8u151\9699\hotspot\src\share\vm\classfile\systemDictionary.cpp, line 210]
Event: 6.717 Thread 0x00000000032a5800 Exception <a 'java/lang/ClassNotFoundException': com/mine/vj/learningSpringBoot/libraries/WebdriverLibraryCustomizer> (0x00000000d698b858) thrown at [C:\re\workspace\8-2-build-windows-amd64-cygwin\jdk8u151\9699\hotspot\src\share\vm\classfile\systemDiction
Event: 6.718 Thread 0x00000000032a5800 Exception <a 'java/lang/ClassNotFoundException': com/mine/vj/learningSpringBoot/libraries/WebdriverLibrary$$EnhancerBySpringCGLIB$$9129145Customizer> (0x00000000d69c0738) thrown at [C:\re\workspace\8-2-build-windows-amd64-cygwin\jdk8u151\9699\hotspot\src\
Event: 6.720 Thread 0x00000000032a5800 Exception <a 'java/lang/ClassNotFoundException': org/springframework/context/annotation/ConfigurationClassEnhancer$EnhancedConfigurationCustomizer> (0x00000000d69f6d58) thrown at [C:\re\workspace\8-2-build-windows-amd64-cygwin\jdk8u151\9699\hotspot\src\sh
Event: 6.721 Thread 0x00000000032a5800 Exception <a 'java/lang/ClassNotFoundException': org/springframework/beans/factory/BeanFactoryAwareCustomizer> (0x00000000d6a15c38) thrown at [C:\re\workspace\8-2-build-windows-amd64-cygwin\jdk8u151\9699\hotspot\src\share\vm\classfile\systemDictionary.cpp
Event: 6.722 Thread 0x00000000032a5800 Exception <a 'java/lang/ClassNotFoundException': org/springframework/beans/factory/AwareCustomizer> (0x00000000d6a31eb0) thrown at [C:\re\workspace\8-2-build-windows-amd64-cygwin\jdk8u151\9699\hotspot\src\share\vm\classfile\systemDictionary.cpp, line 210]
Event: 7.874 Thread 0x00000000032a5800 Exception <a 'java/lang/NoSuchMethodError': java.lang.Object.lambda$static$0(Lokhttp3/Route;Lokhttp3/Response;)Lokhttp3/Request;> (0x00000000d63b9e68) thrown at [C:\re\workspace\8-2-build-windows-amd64-cygwin\jdk8u151\9699\hotspot\src\share\vm\interpreter
Event: 7.875 Thread 0x00000000032a5800 Exception <a 'java/lang/NoSuchMethodError': java.lang.Object.lambda$static$0(Ljava/lang/String;)Ljava/util/List;> (0x00000000d63c4948) thrown at [C:\re\workspace\8-2-build-windows-amd64-cygwin\jdk8u151\9699\hotspot\src\share\vm\interpreter\linkResolver.cp
Event: 7.890 Thread 0x00000000032a5800 Exception <a 'java/lang/ClassNotFoundException': org/eclipse/jetty/alpn/ALPN> (0x00000000d6544a48) thrown at [C:\re\workspace\8-2-build-windows-amd64-cygwin\jdk8u151\9699\hotspot\src\share\vm\classfile\systemDictionary.cpp, line 210]

Events (10 events):
Event: 7.962 loading class java/lang/ProcessImpl$2
Event: 7.962 loading class java/lang/ProcessImpl$2 done
Event: 7.963 loading class java/io/PipedOutputStream
Event: 7.963 loading class java/io/PipedOutputStream done
Event: 7.963 loading class org/apache/commons/exec/StreamPumper
Event: 7.963 loading class org/apache/commons/exec/StreamPumper done
Event: 7.964 Executing VM operation: RevokeBias
Event: 7.964 Executing VM operation: RevokeBias done
Event: 7.965 Thread 0x000000001d9a6000 Thread added: 0x000000001d9a6000
Event: 7.965 Thread 0x00000000216d3800 Thread added: 0x00000000216d3800


Dynamic libraries:
0x00007ff64fd60000 - 0x00007ff64fd97000 	C:\Program Files\Java\jre1.8.0_151\bin\javaw.exe
0x00007fff2c690000 - 0x00007fff2c885000 	C:\WINDOWS\SYSTEM32\ntdll.dll
0x00007fff2ba00000 - 0x00007fff2babd000 	C:\WINDOWS\System32\KERNEL32.DLL
0x00007fff2a1b0000 - 0x00007fff2a479000 	C:\WINDOWS\System32\KERNELBASE.dll
0x0000000069050000 - 0x000000006937a000 	C:\Program Files\Norton Security\NortonData\22.19.8.65\Definitions\IPSDefs\20210909.061\IPSEng64.dll
0x00007fff2b940000 - 0x00007fff2b9ec000 	C:\WINDOWS\System32\ADVAPI32.dll
0x00007fff2bcb0000 - 0x00007fff2bd4e000 	C:\WINDOWS\System32\msvcrt.dll
0x00007fff2bac0000 - 0x00007fff2bb5b000 	C:\WINDOWS\System32\sechost.dll
0x00007fff2a850000 - 0x00007fff2a97a000 	C:\WINDOWS\System32\RPCRT4.dll
0x00007fff2b9f0000 - 0x00007fff2b9f8000 	C:\WINDOWS\System32\PSAPI.DLL
0x00007fff2bdb0000 - 0x00007fff2bf50000 	C:\WINDOWS\System32\USER32.dll
0x00007fff2a480000 - 0x00007fff2a4a2000 	C:\WINDOWS\System32\win32u.dll
0x00007fff2bbd0000 - 0x00007fff2bbfa000 	C:\WINDOWS\System32\GDI32.dll
0x00007fff2a5e0000 - 0x00007fff2a6eb000 	C:\WINDOWS\System32\gdi32full.dll
0x00007fff2a4b0000 - 0x00007fff2a54d000 	C:\WINDOWS\System32\msvcp_win.dll
0x00007fff29dc0000 - 0x00007fff29ec0000 	C:\WINDOWS\System32\ucrtbase.dll
0x00007fff15400000 - 0x00007fff1569a000 	C:\WINDOWS\WinSxS\amd64_microsoft.windows.common-controls_6595b64144ccf1df_6.0.19041.1110_none_60b5254171f9507e\COMCTL32.dll
0x00007fff2aa60000 - 0x00007fff2aa90000 	C:\WINDOWS\System32\IMM32.DLL
0x0000000069850000 - 0x0000000069922000 	C:\Program Files\Java\jre1.8.0_151\bin\msvcr100.dll
0x0000000069930000 - 0x000000006a1cd000 	C:\Program Files\Java\jre1.8.0_151\bin\server\jvm.dll
0x00007fff16a60000 - 0x00007fff16a87000 	C:\WINDOWS\SYSTEM32\WINMM.dll
0x00007fff1d350000 - 0x00007fff1d35a000 	C:\WINDOWS\SYSTEM32\VERSION.dll
0x00007fff0b470000 - 0x00007fff0b479000 	C:\WINDOWS\SYSTEM32\WSOCK32.dll
0x00007fff2bb60000 - 0x00007fff2bbcb000 	C:\WINDOWS\System32\WS2_32.dll
0x0000000069840000 - 0x000000006984f000 	C:\Program Files\Java\jre1.8.0_151\bin\verify.dll
0x0000000069810000 - 0x0000000069839000 	C:\Program Files\Java\jre1.8.0_151\bin\java.dll
0x00000000697f0000 - 0x0000000069806000 	C:\Program Files\Java\jre1.8.0_151\bin\zip.dll
0x00007fff2ad00000 - 0x00007fff2b43f000 	C:\WINDOWS\System32\SHELL32.dll
0x00007fff2a7a0000 - 0x00007fff2a84e000 	C:\WINDOWS\System32\shcore.dll
0x00007fff2c2f0000 - 0x00007fff2c645000 	C:\WINDOWS\System32\combase.dll
0x00007fff27e90000 - 0x00007fff28620000 	C:\WINDOWS\SYSTEM32\windows.storage.dll
0x00007fff29740000 - 0x00007fff2976c000 	C:\WINDOWS\SYSTEM32\Wldp.dll
0x00007fff2ac40000 - 0x00007fff2ac95000 	C:\WINDOWS\System32\shlwapi.dll
0x00007fff29d00000 - 0x00007fff29d1f000 	C:\WINDOWS\SYSTEM32\profapi.dll
0x000000006a260000 - 0x000000006a27a000 	C:\Program Files\Java\jre1.8.0_151\bin\net.dll
0x00007fff29520000 - 0x00007fff2958a000 	C:\WINDOWS\system32\mswsock.dll
0x00007fff29230000 - 0x00007fff292fc000 	C:\WINDOWS\SYSTEM32\DNSAPI.dll
0x00007fff291e0000 - 0x00007fff2921b000 	C:\WINDOWS\SYSTEM32\IPHLPAPI.DLL
0x00007fff2bf50000 - 0x00007fff2bf58000 	C:\WINDOWS\System32\NSI.dll
0x00007fff1d790000 - 0x00007fff1d79a000 	C:\Windows\System32\rasadhlp.dll
0x00007fff1da60000 - 0x00007fff1dadf000 	C:\WINDOWS\System32\fwpuclnt.dll
0x00007fff2a550000 - 0x00007fff2a577000 	C:\WINDOWS\System32\bcrypt.dll
0x000000006a210000 - 0x000000006a234000 	C:\Program Files\Java\jre1.8.0_151\bin\sunec.dll
0x00007fff1f5b0000 - 0x00007fff1f5c7000 	C:\WINDOWS\SYSTEM32\dhcpcsvc6.DLL
0x00007fff1f590000 - 0x00007fff1f5ad000 	C:\WINDOWS\SYSTEM32\dhcpcsvc.DLL
0x000000006a240000 - 0x000000006a251000 	C:\Program Files\Java\jre1.8.0_151\bin\nio.dll
0x00007fff29a90000 - 0x00007fff29aa8000 	C:\WINDOWS\SYSTEM32\CRYPTSP.dll
0x00007fff28e50000 - 0x00007fff28e84000 	C:\WINDOWS\system32\rsaenh.dll
0x00007fff29cc0000 - 0x00007fff29cee000 	C:\WINDOWS\SYSTEM32\USERENV.dll
0x00007fff29f10000 - 0x00007fff29f93000 	C:\WINDOWS\System32\bcryptprimitives.dll
0x00007fff296b0000 - 0x00007fff296bc000 	C:\WINDOWS\SYSTEM32\CRYPTBASE.dll
0x000000006a350000 - 0x000000006a35b000 	C:\Program Files\Java\jre1.8.0_151\bin\sunmscapi.dll
0x00007fff2a050000 - 0x00007fff2a1af000 	C:\WINDOWS\System32\CRYPT32.dll
0x000000006a200000 - 0x000000006a20d000 	C:\Program Files\Java\jre1.8.0_151\bin\management.dll
0x00007fff0b480000 - 0x00007fff0b497000 	C:\WINDOWS\system32\napinsp.dll
0x00007fff09fb0000 - 0x00007fff09fcb000 	C:\WINDOWS\system32\pnrpnsp.dll
0x00007fff09e10000 - 0x00007fff09e25000 	C:\WINDOWS\system32\wshbth.dll
0x00007fff254b0000 - 0x00007fff254cd000 	C:\WINDOWS\system32\NLAapi.dll
0x00007fff09db0000 - 0x00007fff09dc2000 	C:\WINDOWS\System32\winrnr.dll

VM Arguments:
jvm_args: -ea -Dfile.encoding=Cp1252 
java_command: org.testng.remote.RemoteTestNG -serport 63738 -protocol json -d E:\Mindtree_Backup\Programs\Test\learningSpringBoot\learningSpringBoot\test-output C:\Users\Ivan\AppData\Local\Temp\testng-eclipse-365729379\testng-customsuite.xml
java_class_path (initial): E:\eclipse-java-2019-03-R-win32-x86_64\eclipse\configuration\org.eclipse.osgi\668\0\.cp\lib\testng-remote.jar;E:\Mindtree_Backup\Programs\Test\learningSpringBoot\learningSpringBoot\target\test-classes;E:\Mindtree_Backup\Programs\Test\learningSpringBoot\learningSpringBoot\target\classes;C:\Users\Ivan\.m2\repository\org\springframework\boot\spring-boot-starter\2.5.4\spring-boot-starter-2.5.4.jar;C:\Users\Ivan\.m2\repository\org\springframework\boot\spring-boot\2.5.4\spring-boot-2.5.4.jar;C:\Users\Ivan\.m2\repository\org\springframework\spring-context\5.3.9\spring-context-5.3.9.jar;C:\Users\Ivan\.m2\repository\org\springframework\spring-aop\5.3.9\spring-aop-5.3.9.jar;C:\Users\Ivan\.m2\repository\org\springframework\spring-beans\5.3.9\spring-beans-5.3.9.jar;C:\Users\Ivan\.m2\repository\org\springframework\spring-expression\5.3.9\spring-expression-5.3.9.jar;C:\Users\Ivan\.m2\repository\org\springframework\boot\spring-boot-autoconfigure\2.5.4\spring-boot-autoconfigure-2.5.4.jar;C:\Users\Ivan\.m2\repository\org\springframework\boot\spring-boot-starter-logging\2.5.4\spring-boot-starter-logging-2.5.4.jar;C:\Users\Ivan\.m2\repository\ch\qos\logback\logback-classic\1.2.5\logback-classic-1.2.5.jar;C:\Users\Ivan\.m2\repository\ch\qos\logback\logback-core\1.2.5\logback-core-1.2.5.jar;C:\Users\Ivan\.m2\repository\org\apache\logging\log4j\log4j-to-slf4j\2.14.1\log4j-to-slf4j-2.14.1.jar;C:\Users\Ivan\.m2\repository\org\apache\logging\log4j\log4j-api\2.14.1\log4j-api-2.14.1.jar;C:\Users\Ivan\.m2\repository\org\slf4j\jul-to-slf4j\1.7.32\jul-to-slf4j-1.7.32.jar;C:\Users\Ivan\.m2\repository\jakarta\annotation\jakarta.annotation-api\1.3.5\jakarta.annotation-api-1.3.5.jar;C:\Users\Ivan\.m2\repository\org\springframework\spring-core\5.3.9\spring-core-5.3.9.jar;C:\Users\Ivan\.m2\repository\org\springframework\spring-jcl\5.3.9\spring-jcl-5.3.9.jar;C:\Users\Ivan\.m2\repository\org\yaml\snakeyaml\1.28\snakeyaml-1.28.jar;C:\Users\Ivan\.m2\repository\org\springframew
Launcher Type: SUN_STANDARD

Environment Variables:
JAVA_HOME=C:\Program Files\Java\jdk1.8.0_151
PATH=C:/Program Files/Java/jre1.8.0_151/bin/server;C:/Program Files/Java/jre1.8.0_151/bin;C:/Program Files/Java/jre1.8.0_151/lib/amd64;C:\Program Files\Common Files\Oracle\Java\javapath;C:\ProgramData\Oracle\Java\javapath;C:\WINDOWS\system32;C:\WINDOWS;C:\WINDOWS\System32\Wbem;C:\WINDOWS\System32\WindowsPowerShell\v1.0\;C:\WINDOWS\System32\OpenSSH\;C:\Program Files (x86)\HP\Common\HPDestPlgIn\;C:\Android;C:\Windows\System32;%JAVA_HOME%\bin;C:\Program Files\Git\cmd;C:\Program Files\PuTTY\;C:\ProgramData\chocolatey\bin;C:\Program Files\apache-maven-3.8.2\bin;;C:\Program Files\nodejs\;C:\Program Files\dotnet\;C:\Program Files\Docker\Docker\resources\bin;C:\ProgramData\DockerDesktop\version-bin;C:\Users\Ivan\AppData\Local\Programs\Python\Python39\Scripts\;C:\Users\Ivan\AppData\Local\Programs\Python\Python39\;C:\Users\Ivan\AppData\Local\Microsoft\WindowsApps;C:\Users\Ivan\AppData\Local\Programs\Microsoft VS Code\bin;C:\Users\Ivan\AppData\Roaming\npm;C:\Users\Ivan\.dotnet\tools;C:\Program Files\JetBrains\IntelliJ IDEA Community Edition 2021.2.1\bin;E:\eclipse-java-2019-03-R-win32-x86_64\eclipse;
USERNAME=Ivan
OS=Windows_NT
PROCESSOR_IDENTIFIER=Intel64 Family 6 Model 69 Stepping 1, GenuineIntel



---------------  S Y S T E M  ---------------

OS: Windows 10.0 , 64 bit Build 19041 (10.0.19041.1151)

CPU:total 4 (initial active 4) (2 cores per cpu, 2 threads per core) family 6 model 69 stepping 1, cmov, cx8, fxsr, mmx, sse, sse2, sse3, ssse3, sse4.1, sse4.2, popcnt, avx, avx2, aes, clmul, erms, lzcnt, ht, tsc, tscinvbit, bmi1, bmi2

Memory: 4k page, physical 8283244k(1475848k free), swap 12514256k(5372k free)

vm_info: Java HotSpot(TM) 64-Bit Server VM (25.151-b12) for windows-amd64 JRE (1.8.0_151-b12), built on Sep  5 2017 19:33:46 by "java_re" with MS VC++ 10.0 (VS2010)

time: Fri Sep 10 14:51:29 2021
elapsed time: 8 seconds (0d 0h 0m 8s)

